[21-Apr-25 07:42:30 - INFO] - Yumeko - Role assignment system initialized successfully
[21-Apr-25 07:42:30 - INFO] - Yumeko - Adding job tentatively -- it will be properly scheduled when the scheduler starts
[21-Apr-25 07:42:30 - INFO] - Yumeko - Adding job tentatively -- it will be properly scheduled when the scheduler starts
[21-Apr-25 07:42:30 - INFO] - Yumeko - Adding job tentatively -- it will be properly scheduled when the scheduler starts
[21-Apr-25 07:42:30 - INFO] - Yumeko - Adding job tentatively -- it will be properly scheduled when the scheduler starts
[21-Apr-25 07:42:30 - INFO] - Yumeko - Adding job tentatively -- it will be properly scheduled when the scheduler starts
[21-Apr-25 07:42:30 - INFO] - Yumeko - Adding job tentatively -- it will be properly scheduled when the scheduler starts
[21-Apr-25 07:42:30 - INFO] - Yumeko - Adding job tentatively -- it will be properly scheduled when the scheduler starts
[21-Apr-25 07:42:30 - INFO] - Yumeko - Adding job tentatively -- it will be properly scheduled when the scheduler starts
[21-Apr-25 07:42:30 - INFO] - Yumeko - Adding job tentatively -- it will be properly scheduled when the scheduler starts
[21-Apr-25 07:42:30 - INFO] - Yumeko - Adding job tentatively -- it will be properly scheduled when the scheduler starts
[21-Apr-25 07:42:30 - INFO] - Yumeko - Adding job tentatively -- it will be properly scheduled when the scheduler starts
[21-Apr-25 07:42:30 - INFO] - Yumeko - Adding job tentatively -- it will be properly scheduled when the scheduler starts
[21-Apr-25 07:42:30 - INFO] - Yumeko - Adding job tentatively -- it will be properly scheduled when the scheduler starts
[21-Apr-25 07:42:30 - INFO] - Yumeko - Adding job tentatively -- it will be properly scheduled when the scheduler starts
[21-Apr-25 07:42:30 - INFO] - Yumeko - Adding job tentatively -- it will be properly scheduled when the scheduler starts
[21-Apr-25 07:42:30 - INFO] - Yumeko - Adding job tentatively -- it will be properly scheduled when the scheduler starts
[21-Apr-25 07:42:30 - INFO] - Yumeko - Adding job tentatively -- it will be properly scheduled when the scheduler starts
[21-Apr-25 07:42:30 - INFO] - Yumeko - Adding job tentatively -- it will be properly scheduled when the scheduler starts
[21-Apr-25 07:42:30 - INFO] - Yumeko - Adding job tentatively -- it will be properly scheduled when the scheduler starts
[21-Apr-25 07:42:30 - INFO] - Yumeko - Adding job tentatively -- it will be properly scheduled when the scheduler starts
[21-Apr-25 07:42:30 - INFO] - Yumeko - Adding job tentatively -- it will be properly scheduled when the scheduler starts
[21-Apr-25 07:42:30 - INFO] - Yumeko - Adding job tentatively -- it will be properly scheduled when the scheduler starts
[21-Apr-25 07:42:30 - INFO] - Yumeko - Adding job tentatively -- it will be properly scheduled when the scheduler starts
[21-Apr-25 07:42:30 - INFO] - Yumeko - Adding job tentatively -- it will be properly scheduled when the scheduler starts
[21-Apr-25 07:42:32 - INFO] - Yumeko - Adding job tentatively -- it will be properly scheduled when the scheduler starts
[21-Apr-25 07:42:32 - INFO] - Yumeko - Adding job tentatively -- it will be properly scheduled when the scheduler starts
[21-Apr-25 07:42:33 - INFO] - Yumeko - Loaded 49 modules: 𝖠𝖽𝗆𝗂𝗇, 𝖠𝖿𝗄, 𝖠𝗇𝗂𝗆𝖾, 𝖠𝗇𝗂𝗆𝖾 𝖲𝖼𝗁𝖾𝖽𝗎𝗅𝖾, 𝖠𝗇𝗇𝗈𝗎𝗇𝖼𝖾𝗆𝖾𝗇𝗍, 𝖠𝗇𝗍𝗂𝖢𝗁𝖺𝗇𝗇𝖾𝗅, 𝖠𝗇𝗍𝗂𝖥𝗅𝗈𝗈𝖽, 𝖠𝗉𝗉𝗋𝗈𝗏𝖺𝗅, 𝖠𝗌𝗄, 𝖡𝖺𝗇, 𝖡𝗅𝖺𝖼𝗄𝗅𝗂𝗌𝗍, 𝖢𝗁𝖺𝗍𝖻𝗈𝗍, 𝖢𝗅𝖾𝖺𝗇𝖾𝗋, 𝖢𝗈𝗌𝗉𝗅𝖺𝗒, 𝖢𝗈𝗎𝗉𝗅𝖾, 𝖣𝗈𝗐𝗇𝗅𝗈𝖺𝖽𝖾𝗋, 𝖤𝗑𝗍𝗋𝖺𝗌, 𝖥𝗂𝗅𝗍𝖾𝗋𝗌, 𝖥𝗈𝗇𝗍, 𝖥𝗎𝗇, 𝖦𝗋𝖾𝖾𝗍𝗂𝗇𝗀𝗌, 𝖨𝖣, 𝖨𝗆𝗉𝗈𝗌𝗍𝖾𝗋, 𝖩𝗈𝗂𝗇 𝖱𝖾𝗊𝗎𝖾𝗌𝗍, 𝖫𝗈𝖼𝗄𝗌, 𝖫𝗈𝗀 𝖢𝗁𝖺𝗇𝗇𝖾𝗅, 𝖫𝗈𝗀𝗈, 𝖬𝖨𝖢𝖲, 𝖬𝖺𝗌𝗌𝖠𝖼𝗍𝗂𝗈𝗇𝗌, 𝖬𝗎𝗌𝗂𝖼, 𝖭𝖾𝗐𝗌, 𝖭𝗂𝗀𝗁𝗍𝗆𝗈𝖽𝖾, 𝖯𝗈𝗄𝖾𝖽𝖾𝗑, 𝖰𝗎𝗈𝗍𝖾𝗌, 𝖰𝗎𝗈𝗍𝗅𝗒, 𝖱𝖾𝗏𝖾𝗋𝗌𝖾 𝖲𝖾𝖺𝗋𝖼𝗁, 𝖲𝖾𝗌𝗌𝗂𝗈𝗇, 𝖲𝗉𝗈𝗋𝗍𝗌, 𝖲𝗍𝗂𝖼𝗄𝖾𝗋𝗌, 𝖳𝖳𝖲, 𝖳𝖺𝗀 𝖠𝗅𝗅, 𝖳𝗂𝗇𝗒, 𝖳𝗋𝖺𝗇𝗌𝗅𝖺𝗍𝗂𝗈𝗇, 𝖴𝗉𝗅𝗈𝖺𝖽𝖾𝗋, 𝖴𝗉𝗌𝖼𝖺𝗅𝖾, 𝖴𝗋𝖻𝖺𝗇 𝖣𝗂𝖼𝗍𝗂𝗈𝗇𝖺𝗋𝗒, 𝖶𝖺𝗋𝗇, 𝖶𝗂𝗌𝗁, 𝖶𝗋𝗂𝗍𝖾
[21-Apr-25 07:42:34 - INFO] - Yumeko - Added job "scheduled_backup" to job store "default"
[21-Apr-25 07:42:34 - INFO] - Yumeko - Added job "scheduled_backup" to job store "default"
[21-Apr-25 07:42:34 - INFO] - Yumeko - Added job "scheduled_backup" to job store "default"
[21-Apr-25 07:42:34 - INFO] - Yumeko - Added job "scheduled_backup" to job store "default"
[21-Apr-25 07:42:34 - INFO] - Yumeko - Added job "scheduled_backup" to job store "default"
[21-Apr-25 07:42:34 - INFO] - Yumeko - Added job "scheduled_backup" to job store "default"
[21-Apr-25 07:42:34 - INFO] - Yumeko - Added job "scheduled_backup" to job store "default"
[21-Apr-25 07:42:34 - INFO] - Yumeko - Added job "scheduled_backup" to job store "default"
[21-Apr-25 07:42:34 - INFO] - Yumeko - Added job "scheduled_backup" to job store "default"
[21-Apr-25 07:42:34 - INFO] - Yumeko - Added job "scheduled_backup" to job store "default"
[21-Apr-25 07:42:34 - INFO] - Yumeko - Added job "scheduled_backup" to job store "default"
[21-Apr-25 07:42:34 - INFO] - Yumeko - Added job "scheduled_backup" to job store "default"
[21-Apr-25 07:42:34 - INFO] - Yumeko - Added job "scheduled_backup" to job store "default"
[21-Apr-25 07:42:34 - INFO] - Yumeko - Added job "scheduled_backup" to job store "default"
[21-Apr-25 07:42:34 - INFO] - Yumeko - Added job "scheduled_backup" to job store "default"
[21-Apr-25 07:42:34 - INFO] - Yumeko - Added job "scheduled_backup" to job store "default"
[21-Apr-25 07:42:34 - INFO] - Yumeko - Added job "scheduled_backup" to job store "default"
[21-Apr-25 07:42:34 - INFO] - Yumeko - Added job "scheduled_backup" to job store "default"
[21-Apr-25 07:42:34 - INFO] - Yumeko - Added job "scheduled_backup" to job store "default"
[21-Apr-25 07:42:34 - INFO] - Yumeko - Added job "scheduled_backup" to job store "default"
[21-Apr-25 07:42:34 - INFO] - Yumeko - Added job "scheduled_backup" to job store "default"
[21-Apr-25 07:42:34 - INFO] - Yumeko - Added job "scheduled_backup" to job store "default"
[21-Apr-25 07:42:34 - INFO] - Yumeko - Added job "scheduled_backup" to job store "default"
[21-Apr-25 07:42:34 - INFO] - Yumeko - Added job "scheduled_backup" to job store "default"
[21-Apr-25 07:42:34 - INFO] - Yumeko - Added job "enable_nightmode_permissions" to job store "default"
[21-Apr-25 07:42:34 - INFO] - Yumeko - Added job "disable_nightmode_permissions" to job store "default"
[21-Apr-25 07:42:34 - INFO] - Yumeko - Scheduler started
[21-Apr-25 07:42:34 - INFO] - Yumeko - Async components initialized.
[21-Apr-25 07:42:34 - INFO] - Yumeko - Bot Configured: Name: Naruto Uzumaki, ID: 7797817336, Username: @Naruto_RoXbot
[21-Apr-25 07:42:35 - INFO] - Yumeko - Scheduler started
[21-Apr-25 08:30:00 - INFO] - Yumeko - Running job "scheduled_backup (trigger: cron[hour='14', minute='0'], next run at: 2025-04-22 14:00:00 IST)" (scheduled at 2025-04-21 14:00:00+05:30)
[21-Apr-25 08:30:00 - INFO] - Yumeko - Backup completed and file ID saved.
[21-Apr-25 08:30:00 - INFO] - Yumeko - Job "scheduled_backup (trigger: cron[hour='14', minute='0'], next run at: 2025-04-22 14:00:00 IST)" executed successfully
[21-Apr-25 09:30:00 - INFO] - Yumeko - Running job "scheduled_backup (trigger: cron[hour='15', minute='0'], next run at: 2025-04-22 15:00:00 IST)" (scheduled at 2025-04-21 15:00:00+05:30)
[21-Apr-25 09:30:00 - INFO] - Yumeko - Backup completed and file ID saved.
[21-Apr-25 09:30:00 - INFO] - Yumeko - Job "scheduled_backup (trigger: cron[hour='15', minute='0'], next run at: 2025-04-22 15:00:00 IST)" executed successfully
[21-Apr-25 10:30:00 - INFO] - Yumeko - Running job "scheduled_backup (trigger: cron[hour='16', minute='0'], next run at: 2025-04-22 16:00:00 IST)" (scheduled at 2025-04-21 16:00:00+05:30)
[21-Apr-25 10:30:00 - INFO] - Yumeko - Backup completed and file ID saved.
[21-Apr-25 10:30:00 - INFO] - Yumeko - Job "scheduled_backup (trigger: cron[hour='16', minute='0'], next run at: 2025-04-22 16:00:00 IST)" executed successfully
[21-Apr-25 11:30:00 - INFO] - Yumeko - Running job "scheduled_backup (trigger: cron[hour='17', minute='0'], next run at: 2025-04-22 17:00:00 IST)" (scheduled at 2025-04-21 17:00:00+05:30)
[21-Apr-25 11:30:00 - INFO] - Yumeko - Backup completed and file ID saved.
[21-Apr-25 11:30:00 - INFO] - Yumeko - Job "scheduled_backup (trigger: cron[hour='17', minute='0'], next run at: 2025-04-22 17:00:00 IST)" executed successfully
[21-Apr-25 12:30:00 - INFO] - Yumeko - Running job "scheduled_backup (trigger: cron[hour='18', minute='0'], next run at: 2025-04-22 18:00:00 IST)" (scheduled at 2025-04-21 18:00:00+05:30)
[21-Apr-25 12:30:00 - INFO] - Yumeko - Backup completed and file ID saved.
[21-Apr-25 12:30:00 - INFO] - Yumeko - Job "scheduled_backup (trigger: cron[hour='18', minute='0'], next run at: 2025-04-22 18:00:00 IST)" executed successfully
[21-Apr-25 13:30:00 - INFO] - Yumeko - Running job "scheduled_backup (trigger: cron[hour='19', minute='0'], next run at: 2025-04-22 19:00:00 IST)" (scheduled at 2025-04-21 19:00:00+05:30)
[21-Apr-25 13:30:00 - INFO] - Yumeko - Backup completed and file ID saved.
[21-Apr-25 13:30:00 - INFO] - Yumeko - Job "scheduled_backup (trigger: cron[hour='19', minute='0'], next run at: 2025-04-22 19:00:00 IST)" executed successfully
[21-Apr-25 14:30:00 - INFO] - Yumeko - Running job "scheduled_backup (trigger: cron[hour='20', minute='0'], next run at: 2025-04-22 20:00:00 IST)" (scheduled at 2025-04-21 20:00:00+05:30)
[21-Apr-25 14:30:00 - INFO] - Yumeko - Backup completed and file ID saved.
[21-Apr-25 14:30:00 - INFO] - Yumeko - Job "scheduled_backup (trigger: cron[hour='20', minute='0'], next run at: 2025-04-22 20:00:00 IST)" executed successfully
[21-Apr-25 15:30:00 - INFO] - Yumeko - Running job "scheduled_backup (trigger: cron[hour='21', minute='0'], next run at: 2025-04-22 21:00:00 IST)" (scheduled at 2025-04-21 21:00:00+05:30)
[21-Apr-25 15:30:00 - INFO] - Yumeko - Backup completed and file ID saved.
[21-Apr-25 15:30:00 - INFO] - Yumeko - Job "scheduled_backup (trigger: cron[hour='21', minute='0'], next run at: 2025-04-22 21:00:00 IST)" executed successfully
[21-Apr-25 16:30:00 - INFO] - Yumeko - Running job "scheduled_backup (trigger: cron[hour='22', minute='0'], next run at: 2025-04-22 22:00:00 IST)" (scheduled at 2025-04-21 22:00:00+05:30)
[21-Apr-25 16:30:00 - INFO] - Yumeko - Backup completed and file ID saved.
[21-Apr-25 16:30:00 - INFO] - Yumeko - Job "scheduled_backup (trigger: cron[hour='22', minute='0'], next run at: 2025-04-22 22:00:00 IST)" executed successfully
[21-Apr-25 17:30:00 - INFO] - Yumeko - Running job "scheduled_backup (trigger: cron[hour='23', minute='0'], next run at: 2025-04-22 23:00:00 IST)" (scheduled at 2025-04-21 23:00:00+05:30)
[21-Apr-25 17:30:00 - INFO] - Yumeko - Running job "enable_nightmode_permissions (trigger: cron[hour='23', minute='0'], next run at: 2025-04-22 23:00:00 IST)" (scheduled at 2025-04-21 23:00:00+05:30)
[21-Apr-25 17:30:00 - INFO] - Yumeko - Job "enable_nightmode_permissions (trigger: cron[hour='23', minute='0'], next run at: 2025-04-22 23:00:00 IST)" executed successfully
[21-Apr-25 17:30:00 - INFO] - Yumeko - Backup completed and file ID saved.
[21-Apr-25 17:30:00 - INFO] - Yumeko - Job "scheduled_backup (trigger: cron[hour='23', minute='0'], next run at: 2025-04-22 23:00:00 IST)" executed successfully
[21-Apr-25 18:30:00 - INFO] - Yumeko - Running job "scheduled_backup (trigger: cron[hour='0', minute='0'], next run at: 2025-04-23 00:00:00 IST)" (scheduled at 2025-04-22 00:00:00+05:30)
[21-Apr-25 18:30:00 - INFO] - Yumeko - Backup completed and file ID saved.
[21-Apr-25 18:30:00 - INFO] - Yumeko - Job "scheduled_backup (trigger: cron[hour='0', minute='0'], next run at: 2025-04-23 00:00:00 IST)" executed successfully
[21-Apr-25 19:30:00 - INFO] - Yumeko - Running job "scheduled_backup (trigger: cron[hour='1', minute='0'], next run at: 2025-04-23 01:00:00 IST)" (scheduled at 2025-04-22 01:00:00+05:30)
[21-Apr-25 19:30:00 - INFO] - Yumeko - Backup completed and file ID saved.
[21-Apr-25 19:30:00 - INFO] - Yumeko - Job "scheduled_backup (trigger: cron[hour='1', minute='0'], next run at: 2025-04-23 01:00:00 IST)" executed successfully
[21-Apr-25 20:30:00 - INFO] - Yumeko - Running job "scheduled_backup (trigger: cron[hour='2', minute='0'], next run at: 2025-04-23 02:00:00 IST)" (scheduled at 2025-04-22 02:00:00+05:30)
[21-Apr-25 20:30:00 - INFO] - Yumeko - Backup completed and file ID saved.
[21-Apr-25 20:30:00 - INFO] - Yumeko - Job "scheduled_backup (trigger: cron[hour='2', minute='0'], next run at: 2025-04-23 02:00:00 IST)" executed successfully
[21-Apr-25 21:30:00 - INFO] - Yumeko - Running job "scheduled_backup (trigger: cron[hour='3', minute='0'], next run at: 2025-04-23 03:00:00 IST)" (scheduled at 2025-04-22 03:00:00+05:30)
[21-Apr-25 21:30:00 - INFO] - Yumeko - Backup completed and file ID saved.
[21-Apr-25 21:30:00 - INFO] - Yumeko - Job "scheduled_backup (trigger: cron[hour='3', minute='0'], next run at: 2025-04-23 03:00:00 IST)" executed successfully
[21-Apr-25 22:30:00 - INFO] - Yumeko - Running job "scheduled_backup (trigger: cron[hour='4', minute='0'], next run at: 2025-04-23 04:00:00 IST)" (scheduled at 2025-04-22 04:00:00+05:30)
[21-Apr-25 22:30:00 - INFO] - Yumeko - Backup completed and file ID saved.
[21-Apr-25 22:30:00 - INFO] - Yumeko - Job "scheduled_backup (trigger: cron[hour='4', minute='0'], next run at: 2025-04-23 04:00:00 IST)" executed successfully
[21-Apr-25 23:30:00 - INFO] - Yumeko - Running job "scheduled_backup (trigger: cron[hour='5', minute='0'], next run at: 2025-04-23 05:00:00 IST)" (scheduled at 2025-04-22 05:00:00+05:30)
[21-Apr-25 23:30:00 - INFO] - Yumeko - Backup completed and file ID saved.
[21-Apr-25 23:30:00 - INFO] - Yumeko - Job "scheduled_backup (trigger: cron[hour='5', minute='0'], next run at: 2025-04-23 05:00:00 IST)" executed successfully
[22-Apr-25 00:30:00 - INFO] - Yumeko - Running job "scheduled_backup (trigger: cron[hour='6', minute='0'], next run at: 2025-04-23 06:00:00 IST)" (scheduled at 2025-04-22 06:00:00+05:30)
[22-Apr-25 00:30:00 - INFO] - Yumeko - Backup completed and file ID saved.
[22-Apr-25 00:30:00 - INFO] - Yumeko - Job "scheduled_backup (trigger: cron[hour='6', minute='0'], next run at: 2025-04-23 06:00:00 IST)" executed successfully
[22-Apr-25 01:30:00 - INFO] - Yumeko - Running job "scheduled_backup (trigger: cron[hour='7', minute='0'], next run at: 2025-04-23 07:00:00 IST)" (scheduled at 2025-04-22 07:00:00+05:30)
[22-Apr-25 01:30:00 - INFO] - Yumeko - Running job "disable_nightmode_permissions (trigger: cron[hour='7', minute='0'], next run at: 2025-04-23 07:00:00 IST)" (scheduled at 2025-04-22 07:00:00+05:30)
[22-Apr-25 01:30:00 - INFO] - Yumeko - Job "disable_nightmode_permissions (trigger: cron[hour='7', minute='0'], next run at: 2025-04-23 07:00:00 IST)" executed successfully
[22-Apr-25 01:30:00 - INFO] - Yumeko - Backup completed and file ID saved.
[22-Apr-25 01:30:00 - INFO] - Yumeko - Job "scheduled_backup (trigger: cron[hour='7', minute='0'], next run at: 2025-04-23 07:00:00 IST)" executed successfully
[22-Apr-25 02:30:00 - INFO] - Yumeko - Running job "scheduled_backup (trigger: cron[hour='8', minute='0'], next run at: 2025-04-23 08:00:00 IST)" (scheduled at 2025-04-22 08:00:00+05:30)
[22-Apr-25 02:30:00 - INFO] - Yumeko - Backup completed and file ID saved.
[22-Apr-25 02:30:00 - INFO] - Yumeko - Job "scheduled_backup (trigger: cron[hour='8', minute='0'], next run at: 2025-04-23 08:00:00 IST)" executed successfully
[22-Apr-25 03:30:00 - INFO] - Yumeko - Running job "scheduled_backup (trigger: cron[hour='9', minute='0'], next run at: 2025-04-23 09:00:00 IST)" (scheduled at 2025-04-22 09:00:00+05:30)
[22-Apr-25 03:30:00 - INFO] - Yumeko - Backup completed and file ID saved.
[22-Apr-25 03:30:00 - INFO] - Yumeko - Job "scheduled_backup (trigger: cron[hour='9', minute='0'], next run at: 2025-04-23 09:00:00 IST)" executed successfully
[22-Apr-25 04:30:00 - INFO] - Yumeko - Running job "scheduled_backup (trigger: cron[hour='10', minute='0'], next run at: 2025-04-23 10:00:00 IST)" (scheduled at 2025-04-22 10:00:00+05:30)
[22-Apr-25 04:30:00 - INFO] - Yumeko - Backup completed and file ID saved.
[22-Apr-25 04:30:00 - INFO] - Yumeko - Job "scheduled_backup (trigger: cron[hour='10', minute='0'], next run at: 2025-04-23 10:00:00 IST)" executed successfully
[22-Apr-25 05:30:00 - INFO] - Yumeko - Running job "scheduled_backup (trigger: cron[hour='11', minute='0'], next run at: 2025-04-23 11:00:00 IST)" (scheduled at 2025-04-22 11:00:00+05:30)
[22-Apr-25 05:30:00 - INFO] - Yumeko - Backup completed and file ID saved.
[22-Apr-25 05:30:00 - INFO] - Yumeko - Job "scheduled_backup (trigger: cron[hour='11', minute='0'], next run at: 2025-04-23 11:00:00 IST)" executed successfully
[22-Apr-25 06:30:00 - INFO] - Yumeko - Running job "scheduled_backup (trigger: cron[hour='12', minute='0'], next run at: 2025-04-23 12:00:00 IST)" (scheduled at 2025-04-22 12:00:00+05:30)
[22-Apr-25 06:30:00 - INFO] - Yumeko - Backup completed and file ID saved.
[22-Apr-25 06:30:00 - INFO] - Yumeko - Job "scheduled_backup (trigger: cron[hour='12', minute='0'], next run at: 2025-04-23 12:00:00 IST)" executed successfully
[22-Apr-25 07:30:00 - INFO] - Yumeko - Running job "scheduled_backup (trigger: cron[hour='13', minute='0'], next run at: 2025-04-23 13:00:00 IST)" (scheduled at 2025-04-22 13:00:00+05:30)
[22-Apr-25 07:30:00 - INFO] - Yumeko - Backup completed and file ID saved.
[22-Apr-25 07:30:00 - INFO] - Yumeko - Job "scheduled_backup (trigger: cron[hour='13', minute='0'], next run at: 2025-04-23 13:00:00 IST)" executed successfully
[22-Apr-25 08:30:00 - INFO] - Yumeko - Running job "scheduled_backup (trigger: cron[hour='14', minute='0'], next run at: 2025-04-23 14:00:00 IST)" (scheduled at 2025-04-22 14:00:00+05:30)
[22-Apr-25 08:30:00 - INFO] - Yumeko - Backup completed and file ID saved.
[22-Apr-25 08:30:00 - INFO] - Yumeko - Job "scheduled_backup (trigger: cron[hour='14', minute='0'], next run at: 2025-04-23 14:00:00 IST)" executed successfully
[22-Apr-25 09:30:00 - INFO] - Yumeko - Running job "scheduled_backup (trigger: cron[hour='15', minute='0'], next run at: 2025-04-23 15:00:00 IST)" (scheduled at 2025-04-22 15:00:00+05:30)
[22-Apr-25 09:30:00 - INFO] - Yumeko - Backup completed and file ID saved.
[22-Apr-25 09:30:00 - INFO] - Yumeko - Job "scheduled_backup (trigger: cron[hour='15', minute='0'], next run at: 2025-04-23 15:00:00 IST)" executed successfully
[22-Apr-25 10:30:00 - INFO] - Yumeko - Running job "scheduled_backup (trigger: cron[hour='16', minute='0'], next run at: 2025-04-23 16:00:00 IST)" (scheduled at 2025-04-22 16:00:00+05:30)
[22-Apr-25 10:30:00 - INFO] - Yumeko - Backup completed and file ID saved.
[22-Apr-25 10:30:00 - INFO] - Yumeko - Job "scheduled_backup (trigger: cron[hour='16', minute='0'], next run at: 2025-04-23 16:00:00 IST)" executed successfully
[22-Apr-25 11:30:00 - INFO] - Yumeko - Running job "scheduled_backup (trigger: cron[hour='17', minute='0'], next run at: 2025-04-23 17:00:00 IST)" (scheduled at 2025-04-22 17:00:00+05:30)
[22-Apr-25 11:30:00 - INFO] - Yumeko - Backup completed and file ID saved.
[22-Apr-25 11:30:00 - INFO] - Yumeko - Job "scheduled_backup (trigger: cron[hour='17', minute='0'], next run at: 2025-04-23 17:00:00 IST)" executed successfully
[22-Apr-25 12:30:00 - INFO] - Yumeko - Running job "scheduled_backup (trigger: cron[hour='18', minute='0'], next run at: 2025-04-23 18:00:00 IST)" (scheduled at 2025-04-22 18:00:00+05:30)
[22-Apr-25 12:30:00 - INFO] - Yumeko - Backup completed and file ID saved.
[22-Apr-25 12:30:00 - INFO] - Yumeko - Job "scheduled_backup (trigger: cron[hour='18', minute='0'], next run at: 2025-04-23 18:00:00 IST)" executed successfully
[22-Apr-25 13:30:00 - INFO] - Yumeko - Running job "scheduled_backup (trigger: cron[hour='19', minute='0'], next run at: 2025-04-23 19:00:00 IST)" (scheduled at 2025-04-22 19:00:00+05:30)
[22-Apr-25 13:30:00 - INFO] - Yumeko - Backup completed and file ID saved.
[22-Apr-25 13:30:00 - INFO] - Yumeko - Job "scheduled_backup (trigger: cron[hour='19', minute='0'], next run at: 2025-04-23 19:00:00 IST)" executed successfully
[22-Apr-25 14:30:00 - INFO] - Yumeko - Running job "scheduled_backup (trigger: cron[hour='20', minute='0'], next run at: 2025-04-23 20:00:00 IST)" (scheduled at 2025-04-22 20:00:00+05:30)
[22-Apr-25 14:30:00 - INFO] - Yumeko - Backup completed and file ID saved.
[22-Apr-25 14:30:00 - INFO] - Yumeko - Job "scheduled_backup (trigger: cron[hour='20', minute='0'], next run at: 2025-04-23 20:00:00 IST)" executed successfully
[22-Apr-25 15:30:00 - INFO] - Yumeko - Running job "scheduled_backup (trigger: cron[hour='21', minute='0'], next run at: 2025-04-23 21:00:00 IST)" (scheduled at 2025-04-22 21:00:00+05:30)
[22-Apr-25 15:30:00 - INFO] - Yumeko - Backup completed and file ID saved.
[22-Apr-25 15:30:00 - INFO] - Yumeko - Job "scheduled_backup (trigger: cron[hour='21', minute='0'], next run at: 2025-04-23 21:00:00 IST)" executed successfully
[22-Apr-25 16:30:00 - INFO] - Yumeko - Running job "scheduled_backup (trigger: cron[hour='22', minute='0'], next run at: 2025-04-23 22:00:00 IST)" (scheduled at 2025-04-22 22:00:00+05:30)
[22-Apr-25 16:30:00 - INFO] - Yumeko - Backup completed and file ID saved.
[22-Apr-25 16:30:00 - INFO] - Yumeko - Job "scheduled_backup (trigger: cron[hour='22', minute='0'], next run at: 2025-04-23 22:00:00 IST)" executed successfully
[22-Apr-25 17:30:00 - INFO] - Yumeko - Running job "scheduled_backup (trigger: cron[hour='23', minute='0'], next run at: 2025-04-23 23:00:00 IST)" (scheduled at 2025-04-22 23:00:00+05:30)
[22-Apr-25 17:30:00 - INFO] - Yumeko - Running job "enable_nightmode_permissions (trigger: cron[hour='23', minute='0'], next run at: 2025-04-23 23:00:00 IST)" (scheduled at 2025-04-22 23:00:00+05:30)
[22-Apr-25 17:30:00 - INFO] - Yumeko - Job "enable_nightmode_permissions (trigger: cron[hour='23', minute='0'], next run at: 2025-04-23 23:00:00 IST)" executed successfully
[22-Apr-25 17:30:00 - INFO] - Yumeko - Backup completed and file ID saved.
[22-Apr-25 17:30:00 - INFO] - Yumeko - Job "scheduled_backup (trigger: cron[hour='23', minute='0'], next run at: 2025-04-23 23:00:00 IST)" executed successfully
[22-Apr-25 18:30:00 - INFO] - Yumeko - Running job "scheduled_backup (trigger: cron[hour='0', minute='0'], next run at: 2025-04-24 00:00:00 IST)" (scheduled at 2025-04-23 00:00:00+05:30)
[22-Apr-25 18:30:00 - INFO] - Yumeko - Backup completed and file ID saved.
[22-Apr-25 18:30:00 - INFO] - Yumeko - Job "scheduled_backup (trigger: cron[hour='0', minute='0'], next run at: 2025-04-24 00:00:00 IST)" executed successfully
[22-Apr-25 19:30:00 - INFO] - Yumeko - Running job "scheduled_backup (trigger: cron[hour='1', minute='0'], next run at: 2025-04-24 01:00:00 IST)" (scheduled at 2025-04-23 01:00:00+05:30)
[22-Apr-25 19:30:00 - INFO] - Yumeko - Backup completed and file ID saved.
[22-Apr-25 19:30:00 - INFO] - Yumeko - Job "scheduled_backup (trigger: cron[hour='1', minute='0'], next run at: 2025-04-24 01:00:00 IST)" executed successfully
[22-Apr-25 20:30:00 - INFO] - Yumeko - Running job "scheduled_backup (trigger: cron[hour='2', minute='0'], next run at: 2025-04-24 02:00:00 IST)" (scheduled at 2025-04-23 02:00:00+05:30)
[22-Apr-25 20:30:00 - INFO] - Yumeko - Backup completed and file ID saved.
[22-Apr-25 20:30:00 - INFO] - Yumeko - Job "scheduled_backup (trigger: cron[hour='2', minute='0'], next run at: 2025-04-24 02:00:00 IST)" executed successfully
[22-Apr-25 21:30:00 - INFO] - Yumeko - Running job "scheduled_backup (trigger: cron[hour='3', minute='0'], next run at: 2025-04-24 03:00:00 IST)" (scheduled at 2025-04-23 03:00:00+05:30)
[22-Apr-25 21:30:00 - INFO] - Yumeko - Backup completed and file ID saved.
[22-Apr-25 21:30:00 - INFO] - Yumeko - Job "scheduled_backup (trigger: cron[hour='3', minute='0'], next run at: 2025-04-24 03:00:00 IST)" executed successfully
[22-Apr-25 22:30:00 - INFO] - Yumeko - Running job "scheduled_backup (trigger: cron[hour='4', minute='0'], next run at: 2025-04-24 04:00:00 IST)" (scheduled at 2025-04-23 04:00:00+05:30)
[22-Apr-25 22:30:00 - INFO] - Yumeko - Backup completed and file ID saved.
[22-Apr-25 22:30:00 - INFO] - Yumeko - Job "scheduled_backup (trigger: cron[hour='4', minute='0'], next run at: 2025-04-24 04:00:00 IST)" executed successfully
[22-Apr-25 23:30:00 - INFO] - Yumeko - Running job "scheduled_backup (trigger: cron[hour='5', minute='0'], next run at: 2025-04-24 05:00:00 IST)" (scheduled at 2025-04-23 05:00:00+05:30)
[22-Apr-25 23:30:00 - INFO] - Yumeko - Backup completed and file ID saved.
[22-Apr-25 23:30:00 - INFO] - Yumeko - Job "scheduled_backup (trigger: cron[hour='5', minute='0'], next run at: 2025-04-24 05:00:00 IST)" executed successfully
[23-Apr-25 00:30:00 - INFO] - Yumeko - Running job "scheduled_backup (trigger: cron[hour='6', minute='0'], next run at: 2025-04-24 06:00:00 IST)" (scheduled at 2025-04-23 06:00:00+05:30)
[23-Apr-25 00:30:00 - INFO] - Yumeko - Backup completed and file ID saved.
[23-Apr-25 00:30:00 - INFO] - Yumeko - Job "scheduled_backup (trigger: cron[hour='6', minute='0'], next run at: 2025-04-24 06:00:00 IST)" executed successfully
[23-Apr-25 01:30:00 - INFO] - Yumeko - Running job "scheduled_backup (trigger: cron[hour='7', minute='0'], next run at: 2025-04-24 07:00:00 IST)" (scheduled at 2025-04-23 07:00:00+05:30)
[23-Apr-25 01:30:00 - INFO] - Yumeko - Running job "disable_nightmode_permissions (trigger: cron[hour='7', minute='0'], next run at: 2025-04-24 07:00:00 IST)" (scheduled at 2025-04-23 07:00:00+05:30)
[23-Apr-25 01:30:00 - INFO] - Yumeko - Job "disable_nightmode_permissions (trigger: cron[hour='7', minute='0'], next run at: 2025-04-24 07:00:00 IST)" executed successfully
[23-Apr-25 01:30:00 - INFO] - Yumeko - Backup completed and file ID saved.
[23-Apr-25 01:30:00 - INFO] - Yumeko - Job "scheduled_backup (trigger: cron[hour='7', minute='0'], next run at: 2025-04-24 07:00:00 IST)" executed successfully
[23-Apr-25 02:30:00 - INFO] - Yumeko - Running job "scheduled_backup (trigger: cron[hour='8', minute='0'], next run at: 2025-04-24 08:00:00 IST)" (scheduled at 2025-04-23 08:00:00+05:30)
[23-Apr-25 02:30:00 - INFO] - Yumeko - Backup completed and file ID saved.
[23-Apr-25 02:30:00 - INFO] - Yumeko - Job "scheduled_backup (trigger: cron[hour='8', minute='0'], next run at: 2025-04-24 08:00:00 IST)" executed successfully
[23-Apr-25 03:30:00 - INFO] - Yumeko - Running job "scheduled_backup (trigger: cron[hour='9', minute='0'], next run at: 2025-04-24 09:00:00 IST)" (scheduled at 2025-04-23 09:00:00+05:30)
[23-Apr-25 03:30:00 - INFO] - Yumeko - Backup completed and file ID saved.
[23-Apr-25 03:30:00 - INFO] - Yumeko - Job "scheduled_backup (trigger: cron[hour='9', minute='0'], next run at: 2025-04-24 09:00:00 IST)" executed successfully
[23-Apr-25 04:30:00 - INFO] - Yumeko - Running job "scheduled_backup (trigger: cron[hour='10', minute='0'], next run at: 2025-04-24 10:00:00 IST)" (scheduled at 2025-04-23 10:00:00+05:30)
[23-Apr-25 04:30:00 - INFO] - Yumeko - Backup completed and file ID saved.
[23-Apr-25 04:30:00 - INFO] - Yumeko - Job "scheduled_backup (trigger: cron[hour='10', minute='0'], next run at: 2025-04-24 10:00:00 IST)" executed successfully
[23-Apr-25 05:30:00 - INFO] - Yumeko - Running job "scheduled_backup (trigger: cron[hour='11', minute='0'], next run at: 2025-04-24 11:00:00 IST)" (scheduled at 2025-04-23 11:00:00+05:30)
[23-Apr-25 05:30:00 - INFO] - Yumeko - Backup completed and file ID saved.
[23-Apr-25 05:30:00 - INFO] - Yumeko - Job "scheduled_backup (trigger: cron[hour='11', minute='0'], next run at: 2025-04-24 11:00:00 IST)" executed successfully
[23-Apr-25 06:30:00 - INFO] - Yumeko - Running job "scheduled_backup (trigger: cron[hour='12', minute='0'], next run at: 2025-04-24 12:00:00 IST)" (scheduled at 2025-04-23 12:00:00+05:30)
[23-Apr-25 06:30:00 - INFO] - Yumeko - Backup completed and file ID saved.
[23-Apr-25 06:30:00 - INFO] - Yumeko - Job "scheduled_backup (trigger: cron[hour='12', minute='0'], next run at: 2025-04-24 12:00:00 IST)" executed successfully
[23-Apr-25 07:30:00 - INFO] - Yumeko - Running job "scheduled_backup (trigger: cron[hour='13', minute='0'], next run at: 2025-04-24 13:00:00 IST)" (scheduled at 2025-04-23 13:00:00+05:30)
[23-Apr-25 07:30:00 - INFO] - Yumeko - Backup completed and file ID saved.
[23-Apr-25 07:30:00 - INFO] - Yumeko - Job "scheduled_backup (trigger: cron[hour='13', minute='0'], next run at: 2025-04-24 13:00:00 IST)" executed successfully
[23-Apr-25 08:30:00 - INFO] - Yumeko - Running job "scheduled_backup (trigger: cron[hour='14', minute='0'], next run at: 2025-04-24 14:00:00 IST)" (scheduled at 2025-04-23 14:00:00+05:30)
[23-Apr-25 08:30:00 - INFO] - Yumeko - Backup completed and file ID saved.
[23-Apr-25 08:30:00 - INFO] - Yumeko - Job "scheduled_backup (trigger: cron[hour='14', minute='0'], next run at: 2025-04-24 14:00:00 IST)" executed successfully
[23-Apr-25 09:30:00 - INFO] - Yumeko - Running job "scheduled_backup (trigger: cron[hour='15', minute='0'], next run at: 2025-04-24 15:00:00 IST)" (scheduled at 2025-04-23 15:00:00+05:30)
[23-Apr-25 09:30:00 - INFO] - Yumeko - Backup completed and file ID saved.
[23-Apr-25 09:30:00 - INFO] - Yumeko - Job "scheduled_backup (trigger: cron[hour='15', minute='0'], next run at: 2025-04-24 15:00:00 IST)" executed successfully
[23-Apr-25 10:30:00 - INFO] - Yumeko - Running job "scheduled_backup (trigger: cron[hour='16', minute='0'], next run at: 2025-04-24 16:00:00 IST)" (scheduled at 2025-04-23 16:00:00+05:30)
[23-Apr-25 10:30:00 - INFO] - Yumeko - Backup completed and file ID saved.
[23-Apr-25 10:30:00 - INFO] - Yumeko - Job "scheduled_backup (trigger: cron[hour='16', minute='0'], next run at: 2025-04-24 16:00:00 IST)" executed successfully
[23-Apr-25 11:30:00 - INFO] - Yumeko - Running job "scheduled_backup (trigger: cron[hour='17', minute='0'], next run at: 2025-04-24 17:00:00 IST)" (scheduled at 2025-04-23 17:00:00+05:30)
[23-Apr-25 11:30:00 - INFO] - Yumeko - Backup completed and file ID saved.
[23-Apr-25 11:30:00 - INFO] - Yumeko - Job "scheduled_backup (trigger: cron[hour='17', minute='0'], next run at: 2025-04-24 17:00:00 IST)" executed successfully
[23-Apr-25 12:30:00 - INFO] - Yumeko - Running job "scheduled_backup (trigger: cron[hour='18', minute='0'], next run at: 2025-04-24 18:00:00 IST)" (scheduled at 2025-04-23 18:00:00+05:30)
[23-Apr-25 12:30:00 - INFO] - Yumeko - Backup completed and file ID saved.
[23-Apr-25 12:30:00 - INFO] - Yumeko - Job "scheduled_backup (trigger: cron[hour='18', minute='0'], next run at: 2025-04-24 18:00:00 IST)" executed successfully
[23-Apr-25 13:30:00 - INFO] - Yumeko - Running job "scheduled_backup (trigger: cron[hour='19', minute='0'], next run at: 2025-04-24 19:00:00 IST)" (scheduled at 2025-04-23 19:00:00+05:30)
[23-Apr-25 13:30:00 - INFO] - Yumeko - Backup completed and file ID saved.
[23-Apr-25 13:30:00 - INFO] - Yumeko - Job "scheduled_backup (trigger: cron[hour='19', minute='0'], next run at: 2025-04-24 19:00:00 IST)" executed successfully
[23-Apr-25 14:30:00 - INFO] - Yumeko - Running job "scheduled_backup (trigger: cron[hour='20', minute='0'], next run at: 2025-04-24 20:00:00 IST)" (scheduled at 2025-04-23 20:00:00+05:30)
[23-Apr-25 14:30:00 - INFO] - Yumeko - Backup completed and file ID saved.
[23-Apr-25 14:30:00 - INFO] - Yumeko - Job "scheduled_backup (trigger: cron[hour='20', minute='0'], next run at: 2025-04-24 20:00:00 IST)" executed successfully
[23-Apr-25 15:30:00 - INFO] - Yumeko - Running job "scheduled_backup (trigger: cron[hour='21', minute='0'], next run at: 2025-04-24 21:00:00 IST)" (scheduled at 2025-04-23 21:00:00+05:30)
[23-Apr-25 15:30:00 - INFO] - Yumeko - Backup completed and file ID saved.
[23-Apr-25 15:30:00 - INFO] - Yumeko - Job "scheduled_backup (trigger: cron[hour='21', minute='0'], next run at: 2025-04-24 21:00:00 IST)" executed successfully
[23-Apr-25 16:30:00 - INFO] - Yumeko - Running job "scheduled_backup (trigger: cron[hour='22', minute='0'], next run at: 2025-04-24 22:00:00 IST)" (scheduled at 2025-04-23 22:00:00+05:30)
[23-Apr-25 16:30:00 - INFO] - Yumeko - Backup completed and file ID saved.
[23-Apr-25 16:30:00 - INFO] - Yumeko - Job "scheduled_backup (trigger: cron[hour='22', minute='0'], next run at: 2025-04-24 22:00:00 IST)" executed successfully
[23-Apr-25 17:30:00 - INFO] - Yumeko - Running job "scheduled_backup (trigger: cron[hour='23', minute='0'], next run at: 2025-04-24 23:00:00 IST)" (scheduled at 2025-04-23 23:00:00+05:30)
[23-Apr-25 17:30:00 - INFO] - Yumeko - Running job "enable_nightmode_permissions (trigger: cron[hour='23', minute='0'], next run at: 2025-04-24 23:00:00 IST)" (scheduled at 2025-04-23 23:00:00+05:30)
[23-Apr-25 17:30:00 - INFO] - Yumeko - Job "enable_nightmode_permissions (trigger: cron[hour='23', minute='0'], next run at: 2025-04-24 23:00:00 IST)" executed successfully
[23-Apr-25 17:30:00 - INFO] - Yumeko - Backup completed and file ID saved.
[23-Apr-25 17:30:00 - INFO] - Yumeko - Job "scheduled_backup (trigger: cron[hour='23', minute='0'], next run at: 2025-04-24 23:00:00 IST)" executed successfully
[23-Apr-25 18:30:00 - INFO] - Yumeko - Running job "scheduled_backup (trigger: cron[hour='0', minute='0'], next run at: 2025-04-25 00:00:00 IST)" (scheduled at 2025-04-24 00:00:00+05:30)
[23-Apr-25 18:30:00 - INFO] - Yumeko - Backup completed and file ID saved.
[23-Apr-25 18:30:00 - INFO] - Yumeko - Job "scheduled_backup (trigger: cron[hour='0', minute='0'], next run at: 2025-04-25 00:00:00 IST)" executed successfully
[23-Apr-25 19:30:00 - INFO] - Yumeko - Running job "scheduled_backup (trigger: cron[hour='1', minute='0'], next run at: 2025-04-25 01:00:00 IST)" (scheduled at 2025-04-24 01:00:00+05:30)
[23-Apr-25 19:30:00 - INFO] - Yumeko - Backup completed and file ID saved.
[23-Apr-25 19:30:00 - INFO] - Yumeko - Job "scheduled_backup (trigger: cron[hour='1', minute='0'], next run at: 2025-04-25 01:00:00 IST)" executed successfully
[23-Apr-25 20:30:00 - INFO] - Yumeko - Running job "scheduled_backup (trigger: cron[hour='2', minute='0'], next run at: 2025-04-25 02:00:00 IST)" (scheduled at 2025-04-24 02:00:00+05:30)
[23-Apr-25 20:30:00 - INFO] - Yumeko - Backup completed and file ID saved.
[23-Apr-25 20:30:00 - INFO] - Yumeko - Job "scheduled_backup (trigger: cron[hour='2', minute='0'], next run at: 2025-04-25 02:00:00 IST)" executed successfully
[23-Apr-25 21:30:00 - INFO] - Yumeko - Running job "scheduled_backup (trigger: cron[hour='3', minute='0'], next run at: 2025-04-25 03:00:00 IST)" (scheduled at 2025-04-24 03:00:00+05:30)
[23-Apr-25 21:30:00 - INFO] - Yumeko - Backup completed and file ID saved.
[23-Apr-25 21:30:00 - INFO] - Yumeko - Job "scheduled_backup (trigger: cron[hour='3', minute='0'], next run at: 2025-04-25 03:00:00 IST)" executed successfully
[23-Apr-25 22:30:00 - INFO] - Yumeko - Running job "scheduled_backup (trigger: cron[hour='4', minute='0'], next run at: 2025-04-25 04:00:00 IST)" (scheduled at 2025-04-24 04:00:00+05:30)
[23-Apr-25 22:30:00 - INFO] - Yumeko - Backup completed and file ID saved.
[23-Apr-25 22:30:00 - INFO] - Yumeko - Job "scheduled_backup (trigger: cron[hour='4', minute='0'], next run at: 2025-04-25 04:00:00 IST)" executed successfully
[23-Apr-25 23:30:00 - INFO] - Yumeko - Running job "scheduled_backup (trigger: cron[hour='5', minute='0'], next run at: 2025-04-25 05:00:00 IST)" (scheduled at 2025-04-24 05:00:00+05:30)
[23-Apr-25 23:30:00 - INFO] - Yumeko - Backup completed and file ID saved.
[23-Apr-25 23:30:00 - INFO] - Yumeko - Job "scheduled_backup (trigger: cron[hour='5', minute='0'], next run at: 2025-04-25 05:00:00 IST)" executed successfully
[24-Apr-25 00:30:00 - INFO] - Yumeko - Running job "scheduled_backup (trigger: cron[hour='6', minute='0'], next run at: 2025-04-25 06:00:00 IST)" (scheduled at 2025-04-24 06:00:00+05:30)
[24-Apr-25 00:30:00 - INFO] - Yumeko - Backup completed and file ID saved.
[24-Apr-25 00:30:00 - INFO] - Yumeko - Job "scheduled_backup (trigger: cron[hour='6', minute='0'], next run at: 2025-04-25 06:00:00 IST)" executed successfully
[24-Apr-25 01:30:00 - INFO] - Yumeko - Running job "scheduled_backup (trigger: cron[hour='7', minute='0'], next run at: 2025-04-25 07:00:00 IST)" (scheduled at 2025-04-24 07:00:00+05:30)
[24-Apr-25 01:30:00 - INFO] - Yumeko - Running job "disable_nightmode_permissions (trigger: cron[hour='7', minute='0'], next run at: 2025-04-25 07:00:00 IST)" (scheduled at 2025-04-24 07:00:00+05:30)
[24-Apr-25 01:30:00 - INFO] - Yumeko - Job "disable_nightmode_permissions (trigger: cron[hour='7', minute='0'], next run at: 2025-04-25 07:00:00 IST)" executed successfully
[24-Apr-25 01:30:00 - INFO] - Yumeko - Backup completed and file ID saved.
[24-Apr-25 01:30:00 - INFO] - Yumeko - Job "scheduled_backup (trigger: cron[hour='7', minute='0'], next run at: 2025-04-25 07:00:00 IST)" executed successfully
[24-Apr-25 02:30:00 - INFO] - Yumeko - Running job "scheduled_backup (trigger: cron[hour='8', minute='0'], next run at: 2025-04-25 08:00:00 IST)" (scheduled at 2025-04-24 08:00:00+05:30)
[24-Apr-25 02:30:00 - INFO] - Yumeko - Backup completed and file ID saved.
[24-Apr-25 02:30:00 - INFO] - Yumeko - Job "scheduled_backup (trigger: cron[hour='8', minute='0'], next run at: 2025-04-25 08:00:00 IST)" executed successfully
[24-Apr-25 03:30:00 - INFO] - Yumeko - Running job "scheduled_backup (trigger: cron[hour='9', minute='0'], next run at: 2025-04-25 09:00:00 IST)" (scheduled at 2025-04-24 09:00:00+05:30)
[24-Apr-25 03:30:00 - INFO] - Yumeko - Backup completed and file ID saved.
[24-Apr-25 03:30:00 - INFO] - Yumeko - Job "scheduled_backup (trigger: cron[hour='9', minute='0'], next run at: 2025-04-25 09:00:00 IST)" executed successfully
[24-Apr-25 04:30:00 - INFO] - Yumeko - Running job "scheduled_backup (trigger: cron[hour='10', minute='0'], next run at: 2025-04-25 10:00:00 IST)" (scheduled at 2025-04-24 10:00:00+05:30)
[24-Apr-25 04:30:00 - INFO] - Yumeko - Backup completed and file ID saved.
[24-Apr-25 04:30:00 - INFO] - Yumeko - Job "scheduled_backup (trigger: cron[hour='10', minute='0'], next run at: 2025-04-25 10:00:00 IST)" executed successfully
[24-Apr-25 05:30:00 - INFO] - Yumeko - Running job "scheduled_backup (trigger: cron[hour='11', minute='0'], next run at: 2025-04-25 11:00:00 IST)" (scheduled at 2025-04-24 11:00:00+05:30)
[24-Apr-25 05:30:00 - INFO] - Yumeko - Backup completed and file ID saved.
[24-Apr-25 05:30:00 - INFO] - Yumeko - Job "scheduled_backup (trigger: cron[hour='11', minute='0'], next run at: 2025-04-25 11:00:00 IST)" executed successfully
[24-Apr-25 06:30:00 - INFO] - Yumeko - Running job "scheduled_backup (trigger: cron[hour='12', minute='0'], next run at: 2025-04-25 12:00:00 IST)" (scheduled at 2025-04-24 12:00:00+05:30)
[24-Apr-25 06:30:00 - INFO] - Yumeko - Backup completed and file ID saved.
[24-Apr-25 06:30:00 - INFO] - Yumeko - Job "scheduled_backup (trigger: cron[hour='12', minute='0'], next run at: 2025-04-25 12:00:00 IST)" executed successfully
[24-Apr-25 07:30:00 - INFO] - Yumeko - Running job "scheduled_backup (trigger: cron[hour='13', minute='0'], next run at: 2025-04-25 13:00:00 IST)" (scheduled at 2025-04-24 13:00:00+05:30)
[24-Apr-25 07:30:00 - INFO] - Yumeko - Backup completed and file ID saved.
[24-Apr-25 07:30:00 - INFO] - Yumeko - Job "scheduled_backup (trigger: cron[hour='13', minute='0'], next run at: 2025-04-25 13:00:00 IST)" executed successfully
[24-Apr-25 08:30:00 - INFO] - Yumeko - Running job "scheduled_backup (trigger: cron[hour='14', minute='0'], next run at: 2025-04-25 14:00:00 IST)" (scheduled at 2025-04-24 14:00:00+05:30)
[24-Apr-25 08:30:00 - INFO] - Yumeko - Backup completed and file ID saved.
[24-Apr-25 08:30:00 - INFO] - Yumeko - Job "scheduled_backup (trigger: cron[hour='14', minute='0'], next run at: 2025-04-25 14:00:00 IST)" executed successfully
[24-Apr-25 09:30:00 - INFO] - Yumeko - Running job "scheduled_backup (trigger: cron[hour='15', minute='0'], next run at: 2025-04-25 15:00:00 IST)" (scheduled at 2025-04-24 15:00:00+05:30)
[24-Apr-25 09:30:00 - INFO] - Yumeko - Backup completed and file ID saved.
[24-Apr-25 09:30:00 - INFO] - Yumeko - Job "scheduled_backup (trigger: cron[hour='15', minute='0'], next run at: 2025-04-25 15:00:00 IST)" executed successfully
[24-Apr-25 10:30:00 - INFO] - Yumeko - Running job "scheduled_backup (trigger: cron[hour='16', minute='0'], next run at: 2025-04-25 16:00:00 IST)" (scheduled at 2025-04-24 16:00:00+05:30)
[24-Apr-25 10:30:00 - INFO] - Yumeko - Backup completed and file ID saved.
[24-Apr-25 10:30:00 - INFO] - Yumeko - Job "scheduled_backup (trigger: cron[hour='16', minute='0'], next run at: 2025-04-25 16:00:00 IST)" executed successfully
[24-Apr-25 11:30:00 - INFO] - Yumeko - Running job "scheduled_backup (trigger: cron[hour='17', minute='0'], next run at: 2025-04-25 17:00:00 IST)" (scheduled at 2025-04-24 17:00:00+05:30)
[24-Apr-25 11:30:00 - INFO] - Yumeko - Backup completed and file ID saved.
[24-Apr-25 11:30:00 - INFO] - Yumeko - Job "scheduled_backup (trigger: cron[hour='17', minute='0'], next run at: 2025-04-25 17:00:00 IST)" executed successfully
[24-Apr-25 12:30:00 - INFO] - Yumeko - Running job "scheduled_backup (trigger: cron[hour='18', minute='0'], next run at: 2025-04-25 18:00:00 IST)" (scheduled at 2025-04-24 18:00:00+05:30)
[24-Apr-25 12:30:00 - INFO] - Yumeko - Backup completed and file ID saved.
[24-Apr-25 12:30:00 - INFO] - Yumeko - Job "scheduled_backup (trigger: cron[hour='18', minute='0'], next run at: 2025-04-25 18:00:00 IST)" executed successfully
[24-Apr-25 13:30:00 - INFO] - Yumeko - Running job "scheduled_backup (trigger: cron[hour='19', minute='0'], next run at: 2025-04-25 19:00:00 IST)" (scheduled at 2025-04-24 19:00:00+05:30)
[24-Apr-25 13:30:00 - INFO] - Yumeko - Backup completed and file ID saved.
[24-Apr-25 13:30:00 - INFO] - Yumeko - Job "scheduled_backup (trigger: cron[hour='19', minute='0'], next run at: 2025-04-25 19:00:00 IST)" executed successfully
[24-Apr-25 14:30:00 - INFO] - Yumeko - Running job "scheduled_backup (trigger: cron[hour='20', minute='0'], next run at: 2025-04-25 20:00:00 IST)" (scheduled at 2025-04-24 20:00:00+05:30)
[24-Apr-25 14:30:00 - INFO] - Yumeko - Backup completed and file ID saved.
[24-Apr-25 14:30:00 - INFO] - Yumeko - Job "scheduled_backup (trigger: cron[hour='20', minute='0'], next run at: 2025-04-25 20:00:00 IST)" executed successfully
[24-Apr-25 15:30:00 - INFO] - Yumeko - Running job "scheduled_backup (trigger: cron[hour='21', minute='0'], next run at: 2025-04-25 21:00:00 IST)" (scheduled at 2025-04-24 21:00:00+05:30)
[24-Apr-25 15:30:00 - INFO] - Yumeko - Backup completed and file ID saved.
[24-Apr-25 15:30:00 - INFO] - Yumeko - Job "scheduled_backup (trigger: cron[hour='21', minute='0'], next run at: 2025-04-25 21:00:00 IST)" executed successfully
[24-Apr-25 16:30:00 - INFO] - Yumeko - Running job "scheduled_backup (trigger: cron[hour='22', minute='0'], next run at: 2025-04-25 22:00:00 IST)" (scheduled at 2025-04-24 22:00:00+05:30)
[24-Apr-25 16:30:00 - INFO] - Yumeko - Backup completed and file ID saved.
[24-Apr-25 16:30:00 - INFO] - Yumeko - Job "scheduled_backup (trigger: cron[hour='22', minute='0'], next run at: 2025-04-25 22:00:00 IST)" executed successfully
[24-Apr-25 17:30:00 - INFO] - Yumeko - Running job "scheduled_backup (trigger: cron[hour='23', minute='0'], next run at: 2025-04-25 23:00:00 IST)" (scheduled at 2025-04-24 23:00:00+05:30)
[24-Apr-25 17:30:00 - INFO] - Yumeko - Running job "enable_nightmode_permissions (trigger: cron[hour='23', minute='0'], next run at: 2025-04-25 23:00:00 IST)" (scheduled at 2025-04-24 23:00:00+05:30)
[24-Apr-25 17:30:00 - INFO] - Yumeko - Job "enable_nightmode_permissions (trigger: cron[hour='23', minute='0'], next run at: 2025-04-25 23:00:00 IST)" executed successfully
[24-Apr-25 17:30:00 - INFO] - Yumeko - Backup completed and file ID saved.
[24-Apr-25 17:30:00 - INFO] - Yumeko - Job "scheduled_backup (trigger: cron[hour='23', minute='0'], next run at: 2025-04-25 23:00:00 IST)" executed successfully
[24-Apr-25 18:30:00 - INFO] - Yumeko - Running job "scheduled_backup (trigger: cron[hour='0', minute='0'], next run at: 2025-04-26 00:00:00 IST)" (scheduled at 2025-04-25 00:00:00+05:30)
[24-Apr-25 18:30:00 - INFO] - Yumeko - Backup completed and file ID saved.
[24-Apr-25 18:30:00 - INFO] - Yumeko - Job "scheduled_backup (trigger: cron[hour='0', minute='0'], next run at: 2025-04-26 00:00:00 IST)" executed successfully
[24-Apr-25 19:09:31 - ERROR] - Yumeko - An unexpected error occurred: local variable 'x' referenced before assignment
Traceback (most recent call last):
  File "/root/Manage/lund/lib/python3.10/site-packages/pyrogram/methods/advanced/resolve_peer.py", line 63, in resolve_peer
    return await self.storage.get_peer_by_id(peer_id)
  File "/root/Manage/lund/lib/python3.10/site-packages/pyrogram/storage/sqlite_storage.py", line 210, in get_peer_by_id
    raise KeyError(f"ID not found: {peer_id}")
KeyError: 'ID not found: tg://user?id=8015129284'

During handling of the above exception, another exception occurred:

Traceback (most recent call last):
  File "/root/Manage/lund/lib/python3.10/site-packages/pyrogram/methods/advanced/resolve_peer.py", line 73, in resolve_peer
    int(peer_id)
ValueError: invalid literal for int() with base 10: 'tg://user?id=8015129284'

During handling of the above exception, another exception occurred:

Traceback (most recent call last):
  File "/root/Manage/lund/lib/python3.10/site-packages/pyrogram/methods/advanced/resolve_peer.py", line 76, in resolve_peer
    return await self.storage.get_peer_by_username(peer_id)
  File "/root/Manage/lund/lib/python3.10/site-packages/pyrogram/storage/sqlite_storage.py", line 228, in get_peer_by_username
    raise KeyError(f"Username not found: {username}")
KeyError: 'Username not found: tg://user?id=8015129284'

During handling of the above exception, another exception occurred:

Traceback (most recent call last):
  File "/root/Manage/Yumeko/modules/ids.py", line 80, in get_user_info
    user = await client.get_users(target)
  File "/root/Manage/lund/lib/python3.10/site-packages/pyrogram/methods/users/get_users.py", line 60, in get_users
    user_ids = await asyncio.gather(*[self.resolve_peer(i) for i in user_ids])
  File "/root/Manage/lund/lib/python3.10/site-packages/pyrogram/methods/advanced/resolve_peer.py", line 78, in resolve_peer
    await self.invoke(
  File "/root/Manage/lund/lib/python3.10/site-packages/pyrogram/methods/advanced/invoke.py", line 80, in invoke
    r = await self.session.invoke(
  File "/root/Manage/lund/lib/python3.10/site-packages/pyrogram/session/session.py", line 420, in invoke
    return await self.send(query, timeout=timeout)
  File "/root/Manage/lund/lib/python3.10/site-packages/pyrogram/session/session.py", line 377, in send
    RPCError.raise_it(result, type(data))
  File "/root/Manage/lund/lib/python3.10/site-packages/pyrogram/errors/rpc_error.py", line 93, in raise_it
    raise getattr(
pyrogram.errors.exceptions.bad_request_400.UsernameInvalid: Telegram says: [400 USERNAME_INVALID] (caused by "contacts.ResolveUsername") Pyrogram 2.3.61 thinks: The username is invalid

During handling of the above exception, another exception occurred:

Traceback (most recent call last):
  File "/root/Manage/Yumeko/decorator/errors.py", line 13, in wrapper
    return await func(client, update, *args, **kwargs)
  File "/root/Manage/Yumeko/modules/ids.py", line 167, in get_user_info
    await x.edit_text("𝖴𝗇𝖺𝖻𝗅𝖾 𝗍𝗈 𝖿𝗂𝗇𝖽 𝗍𝗁𝖾 𝗌𝗉𝖾𝖼𝗂𝖿𝗂𝖾𝖽 𝗎𝗌𝖾𝗋. 𝖯𝗅𝖾𝖺𝗌𝖾 𝗆𝖺𝗄𝖾 𝗌𝗎𝗋𝖾 𝗍𝗁𝖾 𝗎𝗌𝖾𝗋𝗇𝖺𝗆𝖾/𝗂𝖽 𝗂𝗌 𝗏𝖺𝗅𝗂𝖽 𝗈𝗋 𝗋𝖾𝗉𝗅𝗒 𝗍𝗈 𝖺 𝗆𝖾𝗌𝗌𝖺𝗀𝖾 or 𝗂 𝗁𝖺𝗏𝖾 𝗆𝖾𝖾𝗍 𝗍𝗁𝖾𝗆 𝖻𝖾𝖿𝗈𝗋𝖾 .")
UnboundLocalError: local variable 'x' referenced before assignment
[24-Apr-25 19:30:00 - INFO] - Yumeko - Running job "scheduled_backup (trigger: cron[hour='1', minute='0'], next run at: 2025-04-26 01:00:00 IST)" (scheduled at 2025-04-25 01:00:00+05:30)
[24-Apr-25 19:30:00 - INFO] - Yumeko - Backup completed and file ID saved.
[24-Apr-25 19:30:00 - INFO] - Yumeko - Job "scheduled_backup (trigger: cron[hour='1', minute='0'], next run at: 2025-04-26 01:00:00 IST)" executed successfully
[24-Apr-25 20:30:00 - INFO] - Yumeko - Running job "scheduled_backup (trigger: cron[hour='2', minute='0'], next run at: 2025-04-26 02:00:00 IST)" (scheduled at 2025-04-25 02:00:00+05:30)
[24-Apr-25 20:30:00 - INFO] - Yumeko - Backup completed and file ID saved.
[24-Apr-25 20:30:00 - INFO] - Yumeko - Job "scheduled_backup (trigger: cron[hour='2', minute='0'], next run at: 2025-04-26 02:00:00 IST)" executed successfully
[24-Apr-25 21:30:00 - INFO] - Yumeko - Running job "scheduled_backup (trigger: cron[hour='3', minute='0'], next run at: 2025-04-26 03:00:00 IST)" (scheduled at 2025-04-25 03:00:00+05:30)
[24-Apr-25 21:30:00 - INFO] - Yumeko - Backup completed and file ID saved.
[24-Apr-25 21:30:00 - INFO] - Yumeko - Job "scheduled_backup (trigger: cron[hour='3', minute='0'], next run at: 2025-04-26 03:00:00 IST)" executed successfully
[24-Apr-25 22:30:00 - INFO] - Yumeko - Running job "scheduled_backup (trigger: cron[hour='4', minute='0'], next run at: 2025-04-26 04:00:00 IST)" (scheduled at 2025-04-25 04:00:00+05:30)
[24-Apr-25 22:30:00 - INFO] - Yumeko - Backup completed and file ID saved.
[24-Apr-25 22:30:00 - INFO] - Yumeko - Job "scheduled_backup (trigger: cron[hour='4', minute='0'], next run at: 2025-04-26 04:00:00 IST)" executed successfully
[24-Apr-25 23:30:00 - INFO] - Yumeko - Running job "scheduled_backup (trigger: cron[hour='5', minute='0'], next run at: 2025-04-26 05:00:00 IST)" (scheduled at 2025-04-25 05:00:00+05:30)
[24-Apr-25 23:30:00 - INFO] - Yumeko - Backup completed and file ID saved.
[24-Apr-25 23:30:00 - INFO] - Yumeko - Job "scheduled_backup (trigger: cron[hour='5', minute='0'], next run at: 2025-04-26 05:00:00 IST)" executed successfully
[25-Apr-25 00:30:00 - INFO] - Yumeko - Running job "scheduled_backup (trigger: cron[hour='6', minute='0'], next run at: 2025-04-26 06:00:00 IST)" (scheduled at 2025-04-25 06:00:00+05:30)
[25-Apr-25 00:30:00 - INFO] - Yumeko - Backup completed and file ID saved.
[25-Apr-25 00:30:00 - INFO] - Yumeko - Job "scheduled_backup (trigger: cron[hour='6', minute='0'], next run at: 2025-04-26 06:00:00 IST)" executed successfully
[25-Apr-25 01:30:00 - INFO] - Yumeko - Running job "scheduled_backup (trigger: cron[hour='7', minute='0'], next run at: 2025-04-26 07:00:00 IST)" (scheduled at 2025-04-25 07:00:00+05:30)
[25-Apr-25 01:30:00 - INFO] - Yumeko - Running job "disable_nightmode_permissions (trigger: cron[hour='7', minute='0'], next run at: 2025-04-26 07:00:00 IST)" (scheduled at 2025-04-25 07:00:00+05:30)
[25-Apr-25 01:30:00 - INFO] - Yumeko - Job "disable_nightmode_permissions (trigger: cron[hour='7', minute='0'], next run at: 2025-04-26 07:00:00 IST)" executed successfully
[25-Apr-25 01:30:00 - INFO] - Yumeko - Backup completed and file ID saved.
[25-Apr-25 01:30:00 - INFO] - Yumeko - Job "scheduled_backup (trigger: cron[hour='7', minute='0'], next run at: 2025-04-26 07:00:00 IST)" executed successfully
[25-Apr-25 02:30:00 - INFO] - Yumeko - Running job "scheduled_backup (trigger: cron[hour='8', minute='0'], next run at: 2025-04-26 08:00:00 IST)" (scheduled at 2025-04-25 08:00:00+05:30)
[25-Apr-25 02:30:00 - INFO] - Yumeko - Backup completed and file ID saved.
[25-Apr-25 02:30:00 - INFO] - Yumeko - Job "scheduled_backup (trigger: cron[hour='8', minute='0'], next run at: 2025-04-26 08:00:00 IST)" executed successfully
[25-Apr-25 03:30:00 - INFO] - Yumeko - Running job "scheduled_backup (trigger: cron[hour='9', minute='0'], next run at: 2025-04-26 09:00:00 IST)" (scheduled at 2025-04-25 09:00:00+05:30)
[25-Apr-25 03:30:00 - INFO] - Yumeko - Backup completed and file ID saved.
[25-Apr-25 03:30:00 - INFO] - Yumeko - Job "scheduled_backup (trigger: cron[hour='9', minute='0'], next run at: 2025-04-26 09:00:00 IST)" executed successfully
[25-Apr-25 04:30:00 - INFO] - Yumeko - Running job "scheduled_backup (trigger: cron[hour='10', minute='0'], next run at: 2025-04-26 10:00:00 IST)" (scheduled at 2025-04-25 10:00:00+05:30)
[25-Apr-25 04:30:00 - INFO] - Yumeko - Backup completed and file ID saved.
[25-Apr-25 04:30:00 - INFO] - Yumeko - Job "scheduled_backup (trigger: cron[hour='10', minute='0'], next run at: 2025-04-26 10:00:00 IST)" executed successfully
[25-Apr-25 05:30:00 - INFO] - Yumeko - Running job "scheduled_backup (trigger: cron[hour='11', minute='0'], next run at: 2025-04-26 11:00:00 IST)" (scheduled at 2025-04-25 11:00:00+05:30)
[25-Apr-25 05:30:00 - INFO] - Yumeko - Backup completed and file ID saved.
[25-Apr-25 05:30:00 - INFO] - Yumeko - Job "scheduled_backup (trigger: cron[hour='11', minute='0'], next run at: 2025-04-26 11:00:00 IST)" executed successfully
[25-Apr-25 06:30:00 - INFO] - Yumeko - Running job "scheduled_backup (trigger: cron[hour='12', minute='0'], next run at: 2025-04-26 12:00:00 IST)" (scheduled at 2025-04-25 12:00:00+05:30)
[25-Apr-25 06:30:00 - INFO] - Yumeko - Backup completed and file ID saved.
[25-Apr-25 06:30:00 - INFO] - Yumeko - Job "scheduled_backup (trigger: cron[hour='12', minute='0'], next run at: 2025-04-26 12:00:00 IST)" executed successfully
[25-Apr-25 07:30:00 - INFO] - Yumeko - Running job "scheduled_backup (trigger: cron[hour='13', minute='0'], next run at: 2025-04-26 13:00:00 IST)" (scheduled at 2025-04-25 13:00:00+05:30)
[25-Apr-25 07:30:00 - INFO] - Yumeko - Backup completed and file ID saved.
[25-Apr-25 07:30:00 - INFO] - Yumeko - Job "scheduled_backup (trigger: cron[hour='13', minute='0'], next run at: 2025-04-26 13:00:00 IST)" executed successfully
[25-Apr-25 08:30:00 - INFO] - Yumeko - Running job "scheduled_backup (trigger: cron[hour='14', minute='0'], next run at: 2025-04-26 14:00:00 IST)" (scheduled at 2025-04-25 14:00:00+05:30)
[25-Apr-25 08:30:00 - INFO] - Yumeko - Backup completed and file ID saved.
[25-Apr-25 08:30:00 - INFO] - Yumeko - Job "scheduled_backup (trigger: cron[hour='14', minute='0'], next run at: 2025-04-26 14:00:00 IST)" executed successfully
[25-Apr-25 09:30:00 - INFO] - Yumeko - Running job "scheduled_backup (trigger: cron[hour='15', minute='0'], next run at: 2025-04-26 15:00:00 IST)" (scheduled at 2025-04-25 15:00:00+05:30)
[25-Apr-25 09:30:00 - INFO] - Yumeko - Backup completed and file ID saved.
[25-Apr-25 09:30:00 - INFO] - Yumeko - Job "scheduled_backup (trigger: cron[hour='15', minute='0'], next run at: 2025-04-26 15:00:00 IST)" executed successfully
[25-Apr-25 10:30:00 - INFO] - Yumeko - Running job "scheduled_backup (trigger: cron[hour='16', minute='0'], next run at: 2025-04-26 16:00:00 IST)" (scheduled at 2025-04-25 16:00:00+05:30)
[25-Apr-25 10:30:00 - INFO] - Yumeko - Backup completed and file ID saved.
[25-Apr-25 10:30:00 - INFO] - Yumeko - Job "scheduled_backup (trigger: cron[hour='16', minute='0'], next run at: 2025-04-26 16:00:00 IST)" executed successfully
[25-Apr-25 11:30:00 - INFO] - Yumeko - Running job "scheduled_backup (trigger: cron[hour='17', minute='0'], next run at: 2025-04-26 17:00:00 IST)" (scheduled at 2025-04-25 17:00:00+05:30)
[25-Apr-25 11:30:00 - INFO] - Yumeko - Backup completed and file ID saved.
[25-Apr-25 11:30:00 - INFO] - Yumeko - Job "scheduled_backup (trigger: cron[hour='17', minute='0'], next run at: 2025-04-26 17:00:00 IST)" executed successfully
[25-Apr-25 12:30:00 - INFO] - Yumeko - Running job "scheduled_backup (trigger: cron[hour='18', minute='0'], next run at: 2025-04-26 18:00:00 IST)" (scheduled at 2025-04-25 18:00:00+05:30)
[25-Apr-25 12:30:00 - INFO] - Yumeko - Backup completed and file ID saved.
[25-Apr-25 12:30:00 - INFO] - Yumeko - Job "scheduled_backup (trigger: cron[hour='18', minute='0'], next run at: 2025-04-26 18:00:00 IST)" executed successfully
[25-Apr-25 13:30:00 - INFO] - Yumeko - Running job "scheduled_backup (trigger: cron[hour='19', minute='0'], next run at: 2025-04-26 19:00:00 IST)" (scheduled at 2025-04-25 19:00:00+05:30)
[25-Apr-25 13:30:00 - INFO] - Yumeko - Backup completed and file ID saved.
[25-Apr-25 13:30:00 - INFO] - Yumeko - Job "scheduled_backup (trigger: cron[hour='19', minute='0'], next run at: 2025-04-26 19:00:00 IST)" executed successfully
[25-Apr-25 14:30:00 - INFO] - Yumeko - Running job "scheduled_backup (trigger: cron[hour='20', minute='0'], next run at: 2025-04-26 20:00:00 IST)" (scheduled at 2025-04-25 20:00:00+05:30)
[25-Apr-25 14:30:00 - INFO] - Yumeko - Backup completed and file ID saved.
[25-Apr-25 14:30:00 - INFO] - Yumeko - Job "scheduled_backup (trigger: cron[hour='20', minute='0'], next run at: 2025-04-26 20:00:00 IST)" executed successfully
[25-Apr-25 15:30:00 - INFO] - Yumeko - Running job "scheduled_backup (trigger: cron[hour='21', minute='0'], next run at: 2025-04-26 21:00:00 IST)" (scheduled at 2025-04-25 21:00:00+05:30)
[25-Apr-25 15:30:00 - INFO] - Yumeko - Backup completed and file ID saved.
[25-Apr-25 15:30:00 - INFO] - Yumeko - Job "scheduled_backup (trigger: cron[hour='21', minute='0'], next run at: 2025-04-26 21:00:00 IST)" executed successfully
[25-Apr-25 16:30:00 - INFO] - Yumeko - Running job "scheduled_backup (trigger: cron[hour='22', minute='0'], next run at: 2025-04-26 22:00:00 IST)" (scheduled at 2025-04-25 22:00:00+05:30)
[25-Apr-25 16:30:00 - INFO] - Yumeko - Backup completed and file ID saved.
[25-Apr-25 16:30:00 - INFO] - Yumeko - Job "scheduled_backup (trigger: cron[hour='22', minute='0'], next run at: 2025-04-26 22:00:00 IST)" executed successfully
[25-Apr-25 17:15:15 - ERROR] - Yumeko - Forbidden error: Telegram says: [403 MESSAGE_DELETE_FORBIDDEN] (caused by "channels.DeleteMessages") Pyrogram 2.3.61 thinks: You don't have rights to delete messages in this chat, most likely because you are not the author of them
[25-Apr-25 17:30:00 - INFO] - Yumeko - Running job "scheduled_backup (trigger: cron[hour='23', minute='0'], next run at: 2025-04-26 23:00:00 IST)" (scheduled at 2025-04-25 23:00:00+05:30)
[25-Apr-25 17:30:00 - INFO] - Yumeko - Running job "enable_nightmode_permissions (trigger: cron[hour='23', minute='0'], next run at: 2025-04-26 23:00:00 IST)" (scheduled at 2025-04-25 23:00:00+05:30)
[25-Apr-25 17:30:00 - INFO] - Yumeko - Job "enable_nightmode_permissions (trigger: cron[hour='23', minute='0'], next run at: 2025-04-26 23:00:00 IST)" executed successfully
[25-Apr-25 17:30:00 - INFO] - Yumeko - Backup completed and file ID saved.
[25-Apr-25 17:30:00 - INFO] - Yumeko - Job "scheduled_backup (trigger: cron[hour='23', minute='0'], next run at: 2025-04-26 23:00:00 IST)" executed successfully
[25-Apr-25 18:30:00 - INFO] - Yumeko - Running job "scheduled_backup (trigger: cron[hour='0', minute='0'], next run at: 2025-04-27 00:00:00 IST)" (scheduled at 2025-04-26 00:00:00+05:30)
[25-Apr-25 18:30:00 - INFO] - Yumeko - Backup completed and file ID saved.
[25-Apr-25 18:30:00 - INFO] - Yumeko - Job "scheduled_backup (trigger: cron[hour='0', minute='0'], next run at: 2025-04-27 00:00:00 IST)" executed successfully
[25-Apr-25 19:30:00 - INFO] - Yumeko - Running job "scheduled_backup (trigger: cron[hour='1', minute='0'], next run at: 2025-04-27 01:00:00 IST)" (scheduled at 2025-04-26 01:00:00+05:30)
[25-Apr-25 19:30:00 - INFO] - Yumeko - Backup completed and file ID saved.
[25-Apr-25 19:30:00 - INFO] - Yumeko - Job "scheduled_backup (trigger: cron[hour='1', minute='0'], next run at: 2025-04-27 01:00:00 IST)" executed successfully
[25-Apr-25 20:30:00 - INFO] - Yumeko - Running job "scheduled_backup (trigger: cron[hour='2', minute='0'], next run at: 2025-04-27 02:00:00 IST)" (scheduled at 2025-04-26 02:00:00+05:30)
[25-Apr-25 20:30:00 - INFO] - Yumeko - Backup completed and file ID saved.
[25-Apr-25 20:30:00 - INFO] - Yumeko - Job "scheduled_backup (trigger: cron[hour='2', minute='0'], next run at: 2025-04-27 02:00:00 IST)" executed successfully
[25-Apr-25 21:30:00 - INFO] - Yumeko - Running job "scheduled_backup (trigger: cron[hour='3', minute='0'], next run at: 2025-04-27 03:00:00 IST)" (scheduled at 2025-04-26 03:00:00+05:30)
[25-Apr-25 21:30:00 - INFO] - Yumeko - Backup completed and file ID saved.
[25-Apr-25 21:30:00 - INFO] - Yumeko - Job "scheduled_backup (trigger: cron[hour='3', minute='0'], next run at: 2025-04-27 03:00:00 IST)" executed successfully
[25-Apr-25 22:30:00 - INFO] - Yumeko - Running job "scheduled_backup (trigger: cron[hour='4', minute='0'], next run at: 2025-04-27 04:00:00 IST)" (scheduled at 2025-04-26 04:00:00+05:30)
[25-Apr-25 22:30:00 - INFO] - Yumeko - Backup completed and file ID saved.
[25-Apr-25 22:30:00 - INFO] - Yumeko - Job "scheduled_backup (trigger: cron[hour='4', minute='0'], next run at: 2025-04-27 04:00:00 IST)" executed successfully
[25-Apr-25 23:30:00 - INFO] - Yumeko - Running job "scheduled_backup (trigger: cron[hour='5', minute='0'], next run at: 2025-04-27 05:00:00 IST)" (scheduled at 2025-04-26 05:00:00+05:30)
[25-Apr-25 23:30:00 - INFO] - Yumeko - Backup completed and file ID saved.
[25-Apr-25 23:30:00 - INFO] - Yumeko - Job "scheduled_backup (trigger: cron[hour='5', minute='0'], next run at: 2025-04-27 05:00:00 IST)" executed successfully
[26-Apr-25 00:30:00 - INFO] - Yumeko - Running job "scheduled_backup (trigger: cron[hour='6', minute='0'], next run at: 2025-04-27 06:00:00 IST)" (scheduled at 2025-04-26 06:00:00+05:30)
[26-Apr-25 00:30:00 - INFO] - Yumeko - Backup completed and file ID saved.
[26-Apr-25 00:30:00 - INFO] - Yumeko - Job "scheduled_backup (trigger: cron[hour='6', minute='0'], next run at: 2025-04-27 06:00:00 IST)" executed successfully
[26-Apr-25 01:30:00 - INFO] - Yumeko - Running job "scheduled_backup (trigger: cron[hour='7', minute='0'], next run at: 2025-04-27 07:00:00 IST)" (scheduled at 2025-04-26 07:00:00+05:30)
[26-Apr-25 01:30:00 - INFO] - Yumeko - Running job "disable_nightmode_permissions (trigger: cron[hour='7', minute='0'], next run at: 2025-04-27 07:00:00 IST)" (scheduled at 2025-04-26 07:00:00+05:30)
[26-Apr-25 01:30:00 - INFO] - Yumeko - Job "disable_nightmode_permissions (trigger: cron[hour='7', minute='0'], next run at: 2025-04-27 07:00:00 IST)" executed successfully
[26-Apr-25 01:30:00 - INFO] - Yumeko - Backup completed and file ID saved.
[26-Apr-25 01:30:00 - INFO] - Yumeko - Job "scheduled_backup (trigger: cron[hour='7', minute='0'], next run at: 2025-04-27 07:00:00 IST)" executed successfully
[26-Apr-25 02:30:00 - INFO] - Yumeko - Running job "scheduled_backup (trigger: cron[hour='8', minute='0'], next run at: 2025-04-27 08:00:00 IST)" (scheduled at 2025-04-26 08:00:00+05:30)
[26-Apr-25 02:30:00 - INFO] - Yumeko - Backup completed and file ID saved.
[26-Apr-25 02:30:00 - INFO] - Yumeko - Job "scheduled_backup (trigger: cron[hour='8', minute='0'], next run at: 2025-04-27 08:00:00 IST)" executed successfully
[26-Apr-25 03:30:00 - INFO] - Yumeko - Running job "scheduled_backup (trigger: cron[hour='9', minute='0'], next run at: 2025-04-27 09:00:00 IST)" (scheduled at 2025-04-26 09:00:00+05:30)
[26-Apr-25 03:30:00 - INFO] - Yumeko - Backup completed and file ID saved.
[26-Apr-25 03:30:00 - INFO] - Yumeko - Job "scheduled_backup (trigger: cron[hour='9', minute='0'], next run at: 2025-04-27 09:00:00 IST)" executed successfully
[26-Apr-25 04:30:00 - INFO] - Yumeko - Running job "scheduled_backup (trigger: cron[hour='10', minute='0'], next run at: 2025-04-27 10:00:00 IST)" (scheduled at 2025-04-26 10:00:00+05:30)
[26-Apr-25 04:30:00 - INFO] - Yumeko - Backup completed and file ID saved.
[26-Apr-25 04:30:00 - INFO] - Yumeko - Job "scheduled_backup (trigger: cron[hour='10', minute='0'], next run at: 2025-04-27 10:00:00 IST)" executed successfully
[26-Apr-25 05:30:00 - INFO] - Yumeko - Running job "scheduled_backup (trigger: cron[hour='11', minute='0'], next run at: 2025-04-27 11:00:00 IST)" (scheduled at 2025-04-26 11:00:00+05:30)
[26-Apr-25 05:30:00 - INFO] - Yumeko - Backup completed and file ID saved.
[26-Apr-25 05:30:00 - INFO] - Yumeko - Job "scheduled_backup (trigger: cron[hour='11', minute='0'], next run at: 2025-04-27 11:00:00 IST)" executed successfully
[26-Apr-25 06:30:00 - INFO] - Yumeko - Running job "scheduled_backup (trigger: cron[hour='12', minute='0'], next run at: 2025-04-27 12:00:00 IST)" (scheduled at 2025-04-26 12:00:00+05:30)
[26-Apr-25 06:30:00 - INFO] - Yumeko - Backup completed and file ID saved.
[26-Apr-25 06:30:00 - INFO] - Yumeko - Job "scheduled_backup (trigger: cron[hour='12', minute='0'], next run at: 2025-04-27 12:00:00 IST)" executed successfully
[26-Apr-25 07:30:00 - INFO] - Yumeko - Running job "scheduled_backup (trigger: cron[hour='13', minute='0'], next run at: 2025-04-27 13:00:00 IST)" (scheduled at 2025-04-26 13:00:00+05:30)
[26-Apr-25 07:30:00 - INFO] - Yumeko - Backup completed and file ID saved.
[26-Apr-25 07:30:00 - INFO] - Yumeko - Job "scheduled_backup (trigger: cron[hour='13', minute='0'], next run at: 2025-04-27 13:00:00 IST)" executed successfully
[26-Apr-25 08:30:00 - INFO] - Yumeko - Running job "scheduled_backup (trigger: cron[hour='14', minute='0'], next run at: 2025-04-27 14:00:00 IST)" (scheduled at 2025-04-26 14:00:00+05:30)
[26-Apr-25 08:30:00 - INFO] - Yumeko - Backup completed and file ID saved.
[26-Apr-25 08:30:00 - INFO] - Yumeko - Job "scheduled_backup (trigger: cron[hour='14', minute='0'], next run at: 2025-04-27 14:00:00 IST)" executed successfully
[26-Apr-25 09:30:00 - INFO] - Yumeko - Running job "scheduled_backup (trigger: cron[hour='15', minute='0'], next run at: 2025-04-27 15:00:00 IST)" (scheduled at 2025-04-26 15:00:00+05:30)
[26-Apr-25 09:30:00 - INFO] - Yumeko - Backup completed and file ID saved.
[26-Apr-25 09:30:00 - INFO] - Yumeko - Job "scheduled_backup (trigger: cron[hour='15', minute='0'], next run at: 2025-04-27 15:00:00 IST)" executed successfully
[26-Apr-25 10:30:00 - INFO] - Yumeko - Running job "scheduled_backup (trigger: cron[hour='16', minute='0'], next run at: 2025-04-27 16:00:00 IST)" (scheduled at 2025-04-26 16:00:00+05:30)
[26-Apr-25 10:30:00 - INFO] - Yumeko - Backup completed and file ID saved.
[26-Apr-25 10:30:00 - INFO] - Yumeko - Job "scheduled_backup (trigger: cron[hour='16', minute='0'], next run at: 2025-04-27 16:00:00 IST)" executed successfully
[26-Apr-25 11:30:00 - INFO] - Yumeko - Running job "scheduled_backup (trigger: cron[hour='17', minute='0'], next run at: 2025-04-27 17:00:00 IST)" (scheduled at 2025-04-26 17:00:00+05:30)
[26-Apr-25 11:30:00 - INFO] - Yumeko - Backup completed and file ID saved.
[26-Apr-25 11:30:00 - INFO] - Yumeko - Job "scheduled_backup (trigger: cron[hour='17', minute='0'], next run at: 2025-04-27 17:00:00 IST)" executed successfully
[26-Apr-25 12:21:36 - WARNING] - Yumeko - Flood wait for 43 seconds.
[26-Apr-25 12:21:36 - WARNING] - Yumeko - Flood wait for 43 seconds.
[26-Apr-25 12:21:36 - WARNING] - Yumeko - Flood wait for 43 seconds.
[26-Apr-25 12:21:36 - WARNING] - Yumeko - Flood wait for 43 seconds.
[26-Apr-25 12:21:36 - WARNING] - Yumeko - Flood wait for 43 seconds.
[26-Apr-25 12:21:37 - WARNING] - Yumeko - Flood wait for 42 seconds.
[26-Apr-25 12:21:37 - WARNING] - Yumeko - Flood wait for 42 seconds.
[26-Apr-25 12:21:37 - WARNING] - Yumeko - Flood wait for 42 seconds.
[26-Apr-25 12:21:37 - WARNING] - Yumeko - Flood wait for 42 seconds.
[26-Apr-25 12:21:37 - WARNING] - Yumeko - Flood wait for 42 seconds.
[26-Apr-25 12:21:37 - WARNING] - Yumeko - Flood wait for 42 seconds.
[26-Apr-25 12:21:37 - WARNING] - Yumeko - Flood wait for 42 seconds.
[26-Apr-25 12:21:37 - WARNING] - Yumeko - Flood wait for 42 seconds.
[26-Apr-25 12:21:37 - WARNING] - Yumeko - Flood wait for 42 seconds.
[26-Apr-25 12:21:37 - WARNING] - Yumeko - Flood wait for 42 seconds.
[26-Apr-25 12:21:37 - WARNING] - Yumeko - Flood wait for 42 seconds.
[26-Apr-25 12:21:37 - WARNING] - Yumeko - Flood wait for 42 seconds.
[26-Apr-25 12:21:37 - WARNING] - Yumeko - Flood wait for 42 seconds.
[26-Apr-25 12:21:37 - WARNING] - Yumeko - Flood wait for 42 seconds.
[26-Apr-25 12:21:37 - WARNING] - Yumeko - Flood wait for 42 seconds.
[26-Apr-25 12:21:37 - WARNING] - Yumeko - Flood wait for 42 seconds.
[26-Apr-25 12:21:37 - WARNING] - Yumeko - Flood wait for 42 seconds.
[26-Apr-25 12:21:37 - WARNING] - Yumeko - Flood wait for 42 seconds.
[26-Apr-25 12:21:37 - WARNING] - Yumeko - Flood wait for 42 seconds.
[26-Apr-25 12:21:37 - WARNING] - Yumeko - Flood wait for 42 seconds.
[26-Apr-25 12:21:37 - WARNING] - Yumeko - Flood wait for 42 seconds.
[26-Apr-25 12:21:37 - WARNING] - Yumeko - Flood wait for 42 seconds.
[26-Apr-25 12:21:38 - WARNING] - Yumeko - Flood wait for 42 seconds.
[26-Apr-25 12:21:38 - WARNING] - Yumeko - Flood wait for 41 seconds.
[26-Apr-25 12:21:38 - WARNING] - Yumeko - Flood wait for 41 seconds.
[26-Apr-25 12:22:39 - WARNING] - Yumeko - Flood wait for 45 seconds.
[26-Apr-25 12:22:39 - WARNING] - Yumeko - Flood wait for 45 seconds.
[26-Apr-25 12:22:39 - WARNING] - Yumeko - Flood wait for 45 seconds.
[26-Apr-25 12:22:39 - WARNING] - Yumeko - Flood wait for 45 seconds.
[26-Apr-25 12:22:39 - WARNING] - Yumeko - Flood wait for 45 seconds.
[26-Apr-25 12:22:39 - WARNING] - Yumeko - Flood wait for 45 seconds.
[26-Apr-25 12:22:39 - WARNING] - Yumeko - Flood wait for 45 seconds.
[26-Apr-25 12:22:39 - WARNING] - Yumeko - Flood wait for 45 seconds.
[26-Apr-25 12:22:39 - WARNING] - Yumeko - Flood wait for 45 seconds.
[26-Apr-25 12:22:40 - WARNING] - Yumeko - Flood wait for 45 seconds.
[26-Apr-25 12:22:40 - WARNING] - Yumeko - Flood wait for 45 seconds.
[26-Apr-25 12:22:40 - WARNING] - Yumeko - Flood wait for 44 seconds.
[26-Apr-25 12:22:40 - WARNING] - Yumeko - Flood wait for 45 seconds.
[26-Apr-25 12:22:40 - WARNING] - Yumeko - Flood wait for 44 seconds.
[26-Apr-25 12:22:40 - WARNING] - Yumeko - Flood wait for 44 seconds.
[26-Apr-25 12:22:40 - WARNING] - Yumeko - Flood wait for 44 seconds.
[26-Apr-25 12:22:40 - WARNING] - Yumeko - Flood wait for 44 seconds.
[26-Apr-25 12:22:40 - WARNING] - Yumeko - Flood wait for 44 seconds.
[26-Apr-25 12:22:40 - WARNING] - Yumeko - Flood wait for 44 seconds.
[26-Apr-25 12:22:40 - WARNING] - Yumeko - Flood wait for 44 seconds.
[26-Apr-25 12:22:40 - WARNING] - Yumeko - Flood wait for 44 seconds.
[26-Apr-25 12:22:40 - WARNING] - Yumeko - Flood wait for 44 seconds.
[26-Apr-25 12:22:42 - WARNING] - Yumeko - Flood wait for 42 seconds.
[26-Apr-25 12:22:42 - WARNING] - Yumeko - Flood wait for 42 seconds.
[26-Apr-25 12:22:42 - WARNING] - Yumeko - Flood wait for 42 seconds.
[26-Apr-25 12:22:42 - WARNING] - Yumeko - Flood wait for 42 seconds.
[26-Apr-25 12:22:42 - WARNING] - Yumeko - Flood wait for 42 seconds.
[26-Apr-25 12:22:42 - WARNING] - Yumeko - Flood wait for 42 seconds.
[26-Apr-25 12:22:42 - WARNING] - Yumeko - Flood wait for 42 seconds.
[26-Apr-25 12:22:42 - WARNING] - Yumeko - Flood wait for 42 seconds.
[26-Apr-25 12:23:44 - WARNING] - Yumeko - Flood wait for 40 seconds.
[26-Apr-25 12:23:44 - WARNING] - Yumeko - Flood wait for 40 seconds.
[26-Apr-25 12:23:44 - WARNING] - Yumeko - Flood wait for 40 seconds.
[26-Apr-25 12:23:44 - WARNING] - Yumeko - Flood wait for 40 seconds.
[26-Apr-25 12:23:44 - WARNING] - Yumeko - Flood wait for 40 seconds.
[26-Apr-25 12:23:44 - WARNING] - Yumeko - Flood wait for 40 seconds.
[26-Apr-25 12:23:44 - WARNING] - Yumeko - Flood wait for 40 seconds.
[26-Apr-25 12:23:44 - WARNING] - Yumeko - Flood wait for 40 seconds.
[26-Apr-25 12:23:44 - WARNING] - Yumeko - Flood wait for 40 seconds.
[26-Apr-25 12:23:44 - WARNING] - Yumeko - Flood wait for 40 seconds.
[26-Apr-25 12:23:44 - WARNING] - Yumeko - Flood wait for 40 seconds.
[26-Apr-25 12:23:44 - WARNING] - Yumeko - Flood wait for 40 seconds.
[26-Apr-25 12:23:44 - WARNING] - Yumeko - Flood wait for 40 seconds.
[26-Apr-25 12:23:45 - WARNING] - Yumeko - Flood wait for 40 seconds.
[26-Apr-25 12:23:45 - WARNING] - Yumeko - Flood wait for 40 seconds.
[26-Apr-25 12:23:45 - WARNING] - Yumeko - Flood wait for 39 seconds.
[26-Apr-25 12:23:45 - WARNING] - Yumeko - Flood wait for 40 seconds.
[26-Apr-25 12:23:45 - WARNING] - Yumeko - Flood wait for 39 seconds.
[26-Apr-25 12:23:45 - WARNING] - Yumeko - Flood wait for 39 seconds.
[26-Apr-25 12:23:45 - WARNING] - Yumeko - Flood wait for 39 seconds.
[26-Apr-25 12:23:45 - WARNING] - Yumeko - Flood wait for 39 seconds.
[26-Apr-25 12:23:45 - WARNING] - Yumeko - Flood wait for 39 seconds.
[26-Apr-25 12:23:45 - WARNING] - Yumeko - Flood wait for 39 seconds.
[26-Apr-25 12:23:45 - WARNING] - Yumeko - Flood wait for 39 seconds.
[26-Apr-25 12:23:45 - WARNING] - Yumeko - Flood wait for 39 seconds.
[26-Apr-25 12:23:45 - WARNING] - Yumeko - Flood wait for 39 seconds.
[26-Apr-25 12:23:45 - WARNING] - Yumeko - Flood wait for 39 seconds.
[26-Apr-25 12:23:45 - WARNING] - Yumeko - Flood wait for 39 seconds.
[26-Apr-25 12:23:47 - WARNING] - Yumeko - Flood wait for 37 seconds.
[26-Apr-25 12:23:47 - WARNING] - Yumeko - Flood wait for 37 seconds.
[26-Apr-25 12:24:44 - WARNING] - Yumeko - Flood wait for 40 seconds.
[26-Apr-25 12:24:44 - WARNING] - Yumeko - Flood wait for 40 seconds.
[26-Apr-25 12:24:45 - WARNING] - Yumeko - Flood wait for 39 seconds.
[26-Apr-25 12:24:45 - WARNING] - Yumeko - Flood wait for 39 seconds.
[26-Apr-25 12:24:45 - WARNING] - Yumeko - Flood wait for 39 seconds.
[26-Apr-25 12:24:45 - WARNING] - Yumeko - Flood wait for 39 seconds.
[26-Apr-25 12:24:45 - WARNING] - Yumeko - Flood wait for 39 seconds.
[26-Apr-25 12:24:45 - WARNING] - Yumeko - Flood wait for 39 seconds.
[26-Apr-25 12:24:45 - WARNING] - Yumeko - Flood wait for 39 seconds.
[26-Apr-25 12:24:45 - WARNING] - Yumeko - Flood wait for 39 seconds.
[26-Apr-25 12:24:45 - WARNING] - Yumeko - Flood wait for 39 seconds.
[26-Apr-25 12:24:45 - WARNING] - Yumeko - Flood wait for 39 seconds.
[26-Apr-25 12:24:47 - WARNING] - Yumeko - Flood wait for 37 seconds.
[26-Apr-25 12:24:47 - WARNING] - Yumeko - Flood wait for 37 seconds.
[26-Apr-25 12:24:47 - WARNING] - Yumeko - Flood wait for 37 seconds.
[26-Apr-25 12:24:47 - WARNING] - Yumeko - Flood wait for 37 seconds.
[26-Apr-25 12:24:47 - WARNING] - Yumeko - Flood wait for 37 seconds.
[26-Apr-25 12:24:47 - WARNING] - Yumeko - Flood wait for 37 seconds.
[26-Apr-25 12:24:47 - WARNING] - Yumeko - Flood wait for 37 seconds.
[26-Apr-25 12:24:47 - WARNING] - Yumeko - Flood wait for 37 seconds.
[26-Apr-25 12:24:47 - WARNING] - Yumeko - Flood wait for 37 seconds.
[26-Apr-25 12:24:47 - WARNING] - Yumeko - Flood wait for 37 seconds.
[26-Apr-25 12:24:47 - WARNING] - Yumeko - Flood wait for 37 seconds.
[26-Apr-25 12:24:47 - WARNING] - Yumeko - Flood wait for 37 seconds.
[26-Apr-25 12:24:47 - WARNING] - Yumeko - Flood wait for 37 seconds.
[26-Apr-25 12:24:47 - WARNING] - Yumeko - Flood wait for 37 seconds.
[26-Apr-25 12:24:47 - WARNING] - Yumeko - Flood wait for 37 seconds.
[26-Apr-25 12:24:47 - WARNING] - Yumeko - Flood wait for 37 seconds.
[26-Apr-25 12:24:47 - WARNING] - Yumeko - Flood wait for 37 seconds.
[26-Apr-25 12:24:47 - WARNING] - Yumeko - Flood wait for 37 seconds.
[26-Apr-25 12:25:40 - WARNING] - Yumeko - Flood wait for 44 seconds.
[26-Apr-25 12:25:40 - WARNING] - Yumeko - Flood wait for 44 seconds.
[26-Apr-25 12:25:40 - WARNING] - Yumeko - Flood wait for 44 seconds.
[26-Apr-25 12:25:40 - WARNING] - Yumeko - Flood wait for 44 seconds.
[26-Apr-25 12:25:40 - WARNING] - Yumeko - Flood wait for 44 seconds.
[26-Apr-25 12:25:40 - WARNING] - Yumeko - Flood wait for 44 seconds.
[26-Apr-25 12:25:40 - WARNING] - Yumeko - Flood wait for 44 seconds.
[26-Apr-25 12:25:40 - WARNING] - Yumeko - Flood wait for 44 seconds.
[26-Apr-25 12:25:40 - WARNING] - Yumeko - Flood wait for 44 seconds.
[26-Apr-25 12:25:40 - WARNING] - Yumeko - Flood wait for 44 seconds.
[26-Apr-25 12:25:40 - WARNING] - Yumeko - Flood wait for 44 seconds.
[26-Apr-25 12:25:40 - WARNING] - Yumeko - Flood wait for 44 seconds.
[26-Apr-25 12:25:40 - WARNING] - Yumeko - Flood wait for 44 seconds.
[26-Apr-25 12:25:40 - WARNING] - Yumeko - Flood wait for 44 seconds.
[26-Apr-25 12:25:40 - WARNING] - Yumeko - Flood wait for 44 seconds.
[26-Apr-25 12:25:40 - WARNING] - Yumeko - Flood wait for 44 seconds.
[26-Apr-25 12:25:40 - WARNING] - Yumeko - Flood wait for 44 seconds.
[26-Apr-25 12:25:40 - WARNING] - Yumeko - Flood wait for 44 seconds.
[26-Apr-25 12:25:40 - WARNING] - Yumeko - Flood wait for 44 seconds.
[26-Apr-25 12:25:40 - WARNING] - Yumeko - Flood wait for 44 seconds.
[26-Apr-25 12:25:40 - WARNING] - Yumeko - Flood wait for 44 seconds.
[26-Apr-25 12:25:40 - WARNING] - Yumeko - Flood wait for 44 seconds.
[26-Apr-25 12:25:40 - WARNING] - Yumeko - Flood wait for 44 seconds.
[26-Apr-25 12:25:41 - WARNING] - Yumeko - Flood wait for 44 seconds.
[26-Apr-25 12:25:41 - WARNING] - Yumeko - Flood wait for 44 seconds.
[26-Apr-25 12:25:41 - WARNING] - Yumeko - Flood wait for 44 seconds.
[26-Apr-25 12:25:41 - WARNING] - Yumeko - Flood wait for 44 seconds.
[26-Apr-25 12:25:41 - WARNING] - Yumeko - Flood wait for 44 seconds.
[26-Apr-25 12:25:41 - WARNING] - Yumeko - Flood wait for 44 seconds.
[26-Apr-25 12:25:43 - WARNING] - Yumeko - Flood wait for 41 seconds.
[26-Apr-25 12:26:48 - WARNING] - Yumeko - Flood wait for 37 seconds.
[26-Apr-25 12:26:48 - WARNING] - Yumeko - Flood wait for 37 seconds.
[26-Apr-25 12:26:50 - WARNING] - Yumeko - Flood wait for 35 seconds.
[26-Apr-25 12:26:50 - WARNING] - Yumeko - Flood wait for 35 seconds.
[26-Apr-25 12:26:50 - WARNING] - Yumeko - Flood wait for 35 seconds.
[26-Apr-25 12:26:50 - WARNING] - Yumeko - Flood wait for 35 seconds.
[26-Apr-25 12:26:50 - WARNING] - Yumeko - Flood wait for 35 seconds.
[26-Apr-25 12:26:50 - WARNING] - Yumeko - Flood wait for 35 seconds.
[26-Apr-25 12:26:50 - WARNING] - Yumeko - Flood wait for 35 seconds.
[26-Apr-25 12:26:50 - WARNING] - Yumeko - Flood wait for 35 seconds.
[26-Apr-25 12:26:50 - WARNING] - Yumeko - Flood wait for 35 seconds.
[26-Apr-25 12:26:50 - WARNING] - Yumeko - Flood wait for 35 seconds.
[26-Apr-25 12:26:50 - WARNING] - Yumeko - Flood wait for 35 seconds.
[26-Apr-25 12:26:50 - WARNING] - Yumeko - Flood wait for 35 seconds.
[26-Apr-25 12:26:50 - WARNING] - Yumeko - Flood wait for 35 seconds.
[26-Apr-25 12:26:50 - WARNING] - Yumeko - Flood wait for 35 seconds.
[26-Apr-25 12:26:50 - WARNING] - Yumeko - Flood wait for 35 seconds.
[26-Apr-25 12:26:50 - WARNING] - Yumeko - Flood wait for 35 seconds.
[26-Apr-25 12:26:50 - WARNING] - Yumeko - Flood wait for 35 seconds.
[26-Apr-25 12:26:50 - WARNING] - Yumeko - Flood wait for 35 seconds.
[26-Apr-25 12:26:50 - WARNING] - Yumeko - Flood wait for 35 seconds.
[26-Apr-25 12:26:50 - WARNING] - Yumeko - Flood wait for 35 seconds.
[26-Apr-25 12:26:50 - WARNING] - Yumeko - Flood wait for 35 seconds.
[26-Apr-25 12:26:50 - WARNING] - Yumeko - Flood wait for 35 seconds.
[26-Apr-25 12:26:50 - WARNING] - Yumeko - Flood wait for 35 seconds.
[26-Apr-25 12:26:50 - WARNING] - Yumeko - Flood wait for 35 seconds.
[26-Apr-25 12:26:50 - WARNING] - Yumeko - Flood wait for 35 seconds.
[26-Apr-25 12:26:50 - WARNING] - Yumeko - Flood wait for 35 seconds.
[26-Apr-25 12:26:50 - WARNING] - Yumeko - Flood wait for 35 seconds.
[26-Apr-25 12:26:50 - WARNING] - Yumeko - Flood wait for 35 seconds.
[26-Apr-25 12:27:45 - WARNING] - Yumeko - Flood wait for 40 seconds.
[26-Apr-25 12:27:45 - WARNING] - Yumeko - Flood wait for 40 seconds.
[26-Apr-25 12:27:45 - WARNING] - Yumeko - Flood wait for 40 seconds.
[26-Apr-25 12:27:46 - WARNING] - Yumeko - Flood wait for 39 seconds.
[26-Apr-25 12:27:46 - WARNING] - Yumeko - Flood wait for 39 seconds.
[26-Apr-25 12:27:46 - WARNING] - Yumeko - Flood wait for 39 seconds.
[26-Apr-25 12:27:46 - WARNING] - Yumeko - Flood wait for 39 seconds.
[26-Apr-25 12:27:46 - WARNING] - Yumeko - Flood wait for 39 seconds.
[26-Apr-25 12:27:46 - WARNING] - Yumeko - Flood wait for 39 seconds.
[26-Apr-25 12:27:46 - WARNING] - Yumeko - Flood wait for 39 seconds.
[26-Apr-25 12:27:46 - WARNING] - Yumeko - Flood wait for 39 seconds.
[26-Apr-25 12:27:46 - WARNING] - Yumeko - Flood wait for 39 seconds.
[26-Apr-25 12:27:46 - WARNING] - Yumeko - Flood wait for 39 seconds.
[26-Apr-25 12:27:46 - WARNING] - Yumeko - Flood wait for 39 seconds.
[26-Apr-25 12:27:46 - WARNING] - Yumeko - Flood wait for 39 seconds.
[26-Apr-25 12:27:46 - WARNING] - Yumeko - Flood wait for 39 seconds.
[26-Apr-25 12:27:46 - WARNING] - Yumeko - Flood wait for 39 seconds.
[26-Apr-25 12:27:46 - WARNING] - Yumeko - Flood wait for 39 seconds.
[26-Apr-25 12:27:48 - WARNING] - Yumeko - Flood wait for 37 seconds.
[26-Apr-25 12:27:48 - WARNING] - Yumeko - Flood wait for 37 seconds.
[26-Apr-25 12:27:48 - WARNING] - Yumeko - Flood wait for 37 seconds.
[26-Apr-25 12:27:48 - WARNING] - Yumeko - Flood wait for 37 seconds.
[26-Apr-25 12:27:48 - WARNING] - Yumeko - Flood wait for 37 seconds.
[26-Apr-25 12:27:48 - WARNING] - Yumeko - Flood wait for 37 seconds.
[26-Apr-25 12:27:48 - WARNING] - Yumeko - Flood wait for 37 seconds.
[26-Apr-25 12:27:48 - WARNING] - Yumeko - Flood wait for 37 seconds.
[26-Apr-25 12:27:48 - WARNING] - Yumeko - Flood wait for 37 seconds.
[26-Apr-25 12:27:48 - WARNING] - Yumeko - Flood wait for 37 seconds.
[26-Apr-25 12:27:48 - WARNING] - Yumeko - Flood wait for 37 seconds.
[26-Apr-25 12:27:48 - WARNING] - Yumeko - Flood wait for 37 seconds.
[26-Apr-25 12:28:45 - WARNING] - Yumeko - Flood wait for 45 seconds.
[26-Apr-25 12:28:45 - WARNING] - Yumeko - Flood wait for 45 seconds.
[26-Apr-25 12:28:45 - WARNING] - Yumeko - Flood wait for 45 seconds.
[26-Apr-25 12:28:45 - WARNING] - Yumeko - Flood wait for 45 seconds.
[26-Apr-25 12:28:46 - WARNING] - Yumeko - Flood wait for 45 seconds.
[26-Apr-25 12:28:46 - WARNING] - Yumeko - Flood wait for 45 seconds.
[26-Apr-25 12:28:46 - WARNING] - Yumeko - Flood wait for 45 seconds.
[26-Apr-25 12:28:46 - WARNING] - Yumeko - Flood wait for 45 seconds.
[26-Apr-25 12:28:46 - WARNING] - Yumeko - Flood wait for 44 seconds.
[26-Apr-25 12:28:46 - WARNING] - Yumeko - Flood wait for 44 seconds.
[26-Apr-25 12:28:46 - WARNING] - Yumeko - Flood wait for 44 seconds.
[26-Apr-25 12:28:46 - WARNING] - Yumeko - Flood wait for 44 seconds.
[26-Apr-25 12:28:46 - WARNING] - Yumeko - Flood wait for 44 seconds.
[26-Apr-25 12:28:46 - WARNING] - Yumeko - Flood wait for 44 seconds.
[26-Apr-25 12:28:46 - WARNING] - Yumeko - Flood wait for 44 seconds.
[26-Apr-25 12:28:46 - WARNING] - Yumeko - Flood wait for 44 seconds.
[26-Apr-25 12:28:46 - WARNING] - Yumeko - Flood wait for 44 seconds.
[26-Apr-25 12:28:46 - WARNING] - Yumeko - Flood wait for 44 seconds.
[26-Apr-25 12:28:46 - WARNING] - Yumeko - Flood wait for 44 seconds.
[26-Apr-25 12:28:48 - WARNING] - Yumeko - Flood wait for 42 seconds.
[26-Apr-25 12:28:48 - WARNING] - Yumeko - Flood wait for 42 seconds.
[26-Apr-25 12:28:48 - WARNING] - Yumeko - Flood wait for 42 seconds.
[26-Apr-25 12:28:48 - WARNING] - Yumeko - Flood wait for 42 seconds.
[26-Apr-25 12:28:48 - WARNING] - Yumeko - Flood wait for 42 seconds.
[26-Apr-25 12:28:48 - WARNING] - Yumeko - Flood wait for 42 seconds.
[26-Apr-25 12:28:48 - WARNING] - Yumeko - Flood wait for 42 seconds.
[26-Apr-25 12:28:48 - WARNING] - Yumeko - Flood wait for 42 seconds.
[26-Apr-25 12:28:48 - WARNING] - Yumeko - Flood wait for 42 seconds.
[26-Apr-25 12:28:48 - WARNING] - Yumeko - Flood wait for 42 seconds.
[26-Apr-25 12:28:48 - WARNING] - Yumeko - Flood wait for 42 seconds.
[26-Apr-25 12:29:51 - WARNING] - Yumeko - Flood wait for 39 seconds.
[26-Apr-25 12:29:51 - WARNING] - Yumeko - Flood wait for 39 seconds.
[26-Apr-25 12:29:51 - WARNING] - Yumeko - Flood wait for 39 seconds.
[26-Apr-25 12:29:51 - WARNING] - Yumeko - Flood wait for 39 seconds.
[26-Apr-25 12:29:51 - WARNING] - Yumeko - Flood wait for 39 seconds.
[26-Apr-25 12:29:51 - WARNING] - Yumeko - Flood wait for 39 seconds.
[26-Apr-25 12:29:51 - WARNING] - Yumeko - Flood wait for 39 seconds.
[26-Apr-25 12:29:51 - WARNING] - Yumeko - Flood wait for 39 seconds.
[26-Apr-25 12:29:51 - WARNING] - Yumeko - Flood wait for 39 seconds.
[26-Apr-25 12:29:51 - WARNING] - Yumeko - Flood wait for 39 seconds.
[26-Apr-25 12:29:51 - WARNING] - Yumeko - Flood wait for 39 seconds.
[26-Apr-25 12:29:51 - WARNING] - Yumeko - Flood wait for 39 seconds.
[26-Apr-25 12:29:51 - WARNING] - Yumeko - Flood wait for 39 seconds.
[26-Apr-25 12:29:51 - WARNING] - Yumeko - Flood wait for 39 seconds.
[26-Apr-25 12:29:51 - WARNING] - Yumeko - Flood wait for 39 seconds.
[26-Apr-25 12:29:51 - WARNING] - Yumeko - Flood wait for 39 seconds.
[26-Apr-25 12:29:51 - WARNING] - Yumeko - Flood wait for 39 seconds.
[26-Apr-25 12:29:51 - WARNING] - Yumeko - Flood wait for 39 seconds.
[26-Apr-25 12:29:51 - WARNING] - Yumeko - Flood wait for 39 seconds.
[26-Apr-25 12:29:53 - WARNING] - Yumeko - Flood wait for 37 seconds.
[26-Apr-25 12:29:53 - WARNING] - Yumeko - Flood wait for 37 seconds.
[26-Apr-25 12:29:53 - WARNING] - Yumeko - Flood wait for 37 seconds.
[26-Apr-25 12:29:53 - WARNING] - Yumeko - Flood wait for 37 seconds.
[26-Apr-25 12:29:53 - WARNING] - Yumeko - Flood wait for 37 seconds.
[26-Apr-25 12:29:53 - WARNING] - Yumeko - Flood wait for 37 seconds.
[26-Apr-25 12:29:53 - WARNING] - Yumeko - Flood wait for 37 seconds.
[26-Apr-25 12:29:53 - WARNING] - Yumeko - Flood wait for 37 seconds.
[26-Apr-25 12:29:53 - WARNING] - Yumeko - Flood wait for 37 seconds.
[26-Apr-25 12:29:53 - WARNING] - Yumeko - Flood wait for 37 seconds.
[26-Apr-25 12:29:53 - WARNING] - Yumeko - Flood wait for 37 seconds.
[26-Apr-25 12:30:00 - INFO] - Yumeko - Running job "scheduled_backup (trigger: cron[hour='18', minute='0'], next run at: 2025-04-27 18:00:00 IST)" (scheduled at 2025-04-26 18:00:00+05:30)
[26-Apr-25 12:30:00 - ERROR] - Yumeko - Job "scheduled_backup (trigger: cron[hour='18', minute='0'], next run at: 2025-04-27 18:00:00 IST)" raised an exception
Traceback (most recent call last):
  File "/root/Manage/lund/lib/python3.10/site-packages/apscheduler/executors/base.py", line 181, in run_coroutine_job
    retval = await job.func(*job.args, **job.kwargs)
  File "/root/Manage/Yumeko/admin/backup.py", line 80, in scheduled_backup
    message = await app.send_document(chat_id=config.LOG_CHANNEL, document=zip_path)
  File "/root/Manage/lund/lib/python3.10/site-packages/pyrogram/methods/messages/send_document.py", line 266, in send_document
    r = await self.invoke(rpc)
  File "/root/Manage/lund/lib/python3.10/site-packages/pyrogram/methods/advanced/invoke.py", line 80, in invoke
    r = await self.session.invoke(
  File "/root/Manage/lund/lib/python3.10/site-packages/pyrogram/session/session.py", line 420, in invoke
    return await self.send(query, timeout=timeout)
  File "/root/Manage/lund/lib/python3.10/site-packages/pyrogram/session/session.py", line 377, in send
    RPCError.raise_it(result, type(data))
  File "/root/Manage/lund/lib/python3.10/site-packages/pyrogram/errors/rpc_error.py", line 93, in raise_it
    raise getattr(
pyrogram.errors.exceptions.flood_420.FloodWait: Telegram says: [420 FLOOD_WAIT_X] (caused by "messages.SendMedia") Pyrogram 2.3.61 thinks: A wait of 30 seconds is required
[26-Apr-25 12:30:46 - WARNING] - Yumeko - Flood wait for 44 seconds.
[26-Apr-25 12:30:46 - WARNING] - Yumeko - Flood wait for 44 seconds.
[26-Apr-25 12:30:46 - WARNING] - Yumeko - Flood wait for 44 seconds.
[26-Apr-25 12:30:46 - WARNING] - Yumeko - Flood wait for 44 seconds.
[26-Apr-25 12:30:46 - WARNING] - Yumeko - Flood wait for 44 seconds.
[26-Apr-25 12:30:46 - WARNING] - Yumeko - Flood wait for 44 seconds.
[26-Apr-25 12:30:46 - WARNING] - Yumeko - Flood wait for 44 seconds.
[26-Apr-25 12:30:46 - WARNING] - Yumeko - Flood wait for 44 seconds.
[26-Apr-25 12:30:46 - WARNING] - Yumeko - Flood wait for 44 seconds.
[26-Apr-25 12:30:46 - WARNING] - Yumeko - Flood wait for 44 seconds.
[26-Apr-25 12:30:46 - WARNING] - Yumeko - Flood wait for 44 seconds.
[26-Apr-25 12:30:46 - WARNING] - Yumeko - Flood wait for 44 seconds.
[26-Apr-25 12:30:46 - WARNING] - Yumeko - Flood wait for 44 seconds.
[26-Apr-25 12:30:46 - WARNING] - Yumeko - Flood wait for 44 seconds.
[26-Apr-25 12:30:46 - WARNING] - Yumeko - Flood wait for 44 seconds.
[26-Apr-25 12:30:46 - WARNING] - Yumeko - Flood wait for 44 seconds.
[26-Apr-25 12:30:46 - WARNING] - Yumeko - Flood wait for 44 seconds.
[26-Apr-25 12:30:46 - WARNING] - Yumeko - Flood wait for 44 seconds.
[26-Apr-25 12:30:46 - WARNING] - Yumeko - Flood wait for 44 seconds.
[26-Apr-25 12:30:46 - WARNING] - Yumeko - Flood wait for 44 seconds.
[26-Apr-25 12:30:46 - WARNING] - Yumeko - Flood wait for 44 seconds.
[26-Apr-25 12:30:46 - WARNING] - Yumeko - Flood wait for 44 seconds.
[26-Apr-25 12:30:46 - WARNING] - Yumeko - Flood wait for 44 seconds.
[26-Apr-25 12:30:46 - WARNING] - Yumeko - Flood wait for 44 seconds.
[26-Apr-25 12:30:46 - WARNING] - Yumeko - Flood wait for 44 seconds.
[26-Apr-25 12:30:46 - WARNING] - Yumeko - Flood wait for 44 seconds.
[26-Apr-25 12:30:46 - WARNING] - Yumeko - Flood wait for 44 seconds.
[26-Apr-25 12:30:46 - WARNING] - Yumeko - Flood wait for 44 seconds.
[26-Apr-25 12:30:46 - WARNING] - Yumeko - Flood wait for 44 seconds.
[26-Apr-25 12:30:46 - WARNING] - Yumeko - Flood wait for 44 seconds.
[26-Apr-25 12:31:46 - WARNING] - Yumeko - Flood wait for 44 seconds.
[26-Apr-25 12:31:46 - WARNING] - Yumeko - Flood wait for 44 seconds.
[26-Apr-25 12:31:46 - WARNING] - Yumeko - Flood wait for 44 seconds.
[26-Apr-25 12:31:46 - WARNING] - Yumeko - Flood wait for 44 seconds.
[26-Apr-25 12:31:46 - WARNING] - Yumeko - Flood wait for 44 seconds.
[26-Apr-25 12:31:46 - WARNING] - Yumeko - Flood wait for 44 seconds.
[26-Apr-25 12:31:48 - WARNING] - Yumeko - Flood wait for 42 seconds.
[26-Apr-25 12:31:48 - WARNING] - Yumeko - Flood wait for 42 seconds.
[26-Apr-25 12:31:48 - WARNING] - Yumeko - Flood wait for 42 seconds.
[26-Apr-25 12:31:48 - WARNING] - Yumeko - Flood wait for 42 seconds.
[26-Apr-25 12:31:48 - WARNING] - Yumeko - Flood wait for 42 seconds.
[26-Apr-25 12:31:48 - WARNING] - Yumeko - Flood wait for 42 seconds.
[26-Apr-25 12:31:48 - WARNING] - Yumeko - Flood wait for 42 seconds.
[26-Apr-25 12:31:48 - WARNING] - Yumeko - Flood wait for 42 seconds.
[26-Apr-25 12:31:48 - WARNING] - Yumeko - Flood wait for 42 seconds.
[26-Apr-25 12:31:48 - WARNING] - Yumeko - Flood wait for 42 seconds.
[26-Apr-25 12:31:48 - WARNING] - Yumeko - Flood wait for 42 seconds.
[26-Apr-25 12:31:48 - WARNING] - Yumeko - Flood wait for 42 seconds.
[26-Apr-25 12:31:48 - WARNING] - Yumeko - Flood wait for 42 seconds.
[26-Apr-25 12:31:48 - WARNING] - Yumeko - Flood wait for 42 seconds.
[26-Apr-25 12:31:48 - WARNING] - Yumeko - Flood wait for 42 seconds.
[26-Apr-25 12:31:48 - WARNING] - Yumeko - Flood wait for 42 seconds.
[26-Apr-25 12:31:48 - WARNING] - Yumeko - Flood wait for 42 seconds.
[26-Apr-25 12:31:48 - WARNING] - Yumeko - Flood wait for 42 seconds.
[26-Apr-25 12:31:48 - WARNING] - Yumeko - Flood wait for 42 seconds.
[26-Apr-25 12:31:48 - WARNING] - Yumeko - Flood wait for 42 seconds.
[26-Apr-25 12:31:48 - WARNING] - Yumeko - Flood wait for 42 seconds.
[26-Apr-25 12:31:48 - WARNING] - Yumeko - Flood wait for 42 seconds.
[26-Apr-25 12:31:48 - WARNING] - Yumeko - Flood wait for 42 seconds.
[26-Apr-25 12:31:48 - WARNING] - Yumeko - Flood wait for 42 seconds.
[26-Apr-25 12:32:50 - WARNING] - Yumeko - Flood wait for 40 seconds.
[26-Apr-25 12:32:50 - WARNING] - Yumeko - Flood wait for 40 seconds.
[26-Apr-25 12:32:50 - WARNING] - Yumeko - Flood wait for 40 seconds.
[26-Apr-25 12:32:50 - WARNING] - Yumeko - Flood wait for 40 seconds.
[26-Apr-25 12:32:50 - WARNING] - Yumeko - Flood wait for 40 seconds.
[26-Apr-25 12:32:50 - WARNING] - Yumeko - Flood wait for 40 seconds.
[26-Apr-25 12:32:51 - WARNING] - Yumeko - Flood wait for 40 seconds.
[26-Apr-25 12:32:51 - WARNING] - Yumeko - Flood wait for 40 seconds.
[26-Apr-25 12:32:51 - WARNING] - Yumeko - Flood wait for 39 seconds.
[26-Apr-25 12:32:51 - WARNING] - Yumeko - Flood wait for 39 seconds.
[26-Apr-25 12:32:51 - WARNING] - Yumeko - Flood wait for 39 seconds.
[26-Apr-25 12:32:51 - WARNING] - Yumeko - Flood wait for 39 seconds.
[26-Apr-25 12:32:51 - WARNING] - Yumeko - Flood wait for 39 seconds.
[26-Apr-25 12:32:51 - WARNING] - Yumeko - Flood wait for 39 seconds.
[26-Apr-25 12:32:51 - WARNING] - Yumeko - Flood wait for 39 seconds.
[26-Apr-25 12:32:51 - WARNING] - Yumeko - Flood wait for 39 seconds.
[26-Apr-25 12:32:51 - WARNING] - Yumeko - Flood wait for 39 seconds.
[26-Apr-25 12:32:51 - WARNING] - Yumeko - Flood wait for 39 seconds.
[26-Apr-25 12:32:51 - WARNING] - Yumeko - Flood wait for 39 seconds.
[26-Apr-25 12:32:51 - WARNING] - Yumeko - Flood wait for 39 seconds.
[26-Apr-25 12:32:51 - WARNING] - Yumeko - Flood wait for 39 seconds.
[26-Apr-25 12:32:51 - WARNING] - Yumeko - Flood wait for 39 seconds.
[26-Apr-25 12:32:51 - WARNING] - Yumeko - Flood wait for 39 seconds.
[26-Apr-25 12:32:53 - WARNING] - Yumeko - Flood wait for 37 seconds.
[26-Apr-25 12:32:53 - WARNING] - Yumeko - Flood wait for 37 seconds.
[26-Apr-25 12:32:53 - WARNING] - Yumeko - Flood wait for 37 seconds.
[26-Apr-25 12:32:53 - WARNING] - Yumeko - Flood wait for 37 seconds.
[26-Apr-25 12:32:53 - WARNING] - Yumeko - Flood wait for 37 seconds.
[26-Apr-25 12:32:53 - WARNING] - Yumeko - Flood wait for 37 seconds.
[26-Apr-25 12:32:53 - WARNING] - Yumeko - Flood wait for 37 seconds.
[26-Apr-25 12:33:50 - WARNING] - Yumeko - Flood wait for 40 seconds.
[26-Apr-25 12:33:50 - WARNING] - Yumeko - Flood wait for 40 seconds.
[26-Apr-25 12:33:51 - WARNING] - Yumeko - Flood wait for 40 seconds.
[26-Apr-25 12:33:51 - WARNING] - Yumeko - Flood wait for 40 seconds.
[26-Apr-25 12:33:51 - WARNING] - Yumeko - Flood wait for 39 seconds.
[26-Apr-25 12:33:51 - WARNING] - Yumeko - Flood wait for 39 seconds.
[26-Apr-25 12:33:51 - WARNING] - Yumeko - Flood wait for 39 seconds.
[26-Apr-25 12:33:51 - WARNING] - Yumeko - Flood wait for 39 seconds.
[26-Apr-25 12:33:51 - WARNING] - Yumeko - Flood wait for 39 seconds.
[26-Apr-25 12:33:51 - WARNING] - Yumeko - Flood wait for 39 seconds.
[26-Apr-25 12:33:51 - WARNING] - Yumeko - Flood wait for 39 seconds.
[26-Apr-25 12:33:51 - WARNING] - Yumeko - Flood wait for 39 seconds.
[26-Apr-25 12:33:53 - WARNING] - Yumeko - Flood wait for 37 seconds.
[26-Apr-25 12:33:53 - WARNING] - Yumeko - Flood wait for 37 seconds.
[26-Apr-25 12:33:53 - WARNING] - Yumeko - Flood wait for 37 seconds.
[26-Apr-25 12:33:53 - WARNING] - Yumeko - Flood wait for 37 seconds.
[26-Apr-25 12:33:53 - WARNING] - Yumeko - Flood wait for 37 seconds.
[26-Apr-25 12:33:53 - WARNING] - Yumeko - Flood wait for 37 seconds.
[26-Apr-25 12:33:53 - WARNING] - Yumeko - Flood wait for 37 seconds.
[26-Apr-25 12:33:53 - WARNING] - Yumeko - Flood wait for 37 seconds.
[26-Apr-25 12:33:53 - WARNING] - Yumeko - Flood wait for 37 seconds.
[26-Apr-25 12:33:53 - WARNING] - Yumeko - Flood wait for 37 seconds.
[26-Apr-25 12:33:53 - WARNING] - Yumeko - Flood wait for 37 seconds.
[26-Apr-25 12:33:53 - WARNING] - Yumeko - Flood wait for 37 seconds.
[26-Apr-25 12:33:53 - WARNING] - Yumeko - Flood wait for 37 seconds.
[26-Apr-25 12:33:53 - WARNING] - Yumeko - Flood wait for 37 seconds.
[26-Apr-25 12:33:53 - WARNING] - Yumeko - Flood wait for 37 seconds.
[26-Apr-25 12:33:53 - WARNING] - Yumeko - Flood wait for 37 seconds.
[26-Apr-25 12:33:53 - WARNING] - Yumeko - Flood wait for 37 seconds.
[26-Apr-25 12:33:53 - WARNING] - Yumeko - Flood wait for 37 seconds.
[26-Apr-25 12:34:51 - WARNING] - Yumeko - Flood wait for 39 seconds.
[26-Apr-25 12:34:51 - WARNING] - Yumeko - Flood wait for 39 seconds.
[26-Apr-25 12:34:51 - WARNING] - Yumeko - Flood wait for 39 seconds.
[26-Apr-25 12:34:51 - WARNING] - Yumeko - Flood wait for 39 seconds.
[26-Apr-25 12:34:51 - WARNING] - Yumeko - Flood wait for 39 seconds.
[26-Apr-25 12:34:51 - WARNING] - Yumeko - Flood wait for 39 seconds.
[26-Apr-25 12:34:51 - WARNING] - Yumeko - Flood wait for 39 seconds.
[26-Apr-25 12:34:51 - WARNING] - Yumeko - Flood wait for 39 seconds.
[26-Apr-25 12:34:51 - WARNING] - Yumeko - Flood wait for 39 seconds.
[26-Apr-25 12:34:51 - WARNING] - Yumeko - Flood wait for 39 seconds.
[26-Apr-25 12:34:51 - WARNING] - Yumeko - Flood wait for 39 seconds.
[26-Apr-25 12:34:51 - WARNING] - Yumeko - Flood wait for 39 seconds.
[26-Apr-25 12:34:51 - WARNING] - Yumeko - Flood wait for 39 seconds.
[26-Apr-25 12:34:51 - WARNING] - Yumeko - Flood wait for 39 seconds.
[26-Apr-25 12:34:51 - WARNING] - Yumeko - Flood wait for 39 seconds.
[26-Apr-25 12:34:51 - WARNING] - Yumeko - Flood wait for 39 seconds.
[26-Apr-25 12:34:51 - WARNING] - Yumeko - Flood wait for 39 seconds.
[26-Apr-25 12:34:51 - WARNING] - Yumeko - Flood wait for 39 seconds.
[26-Apr-25 12:34:51 - WARNING] - Yumeko - Flood wait for 39 seconds.
[26-Apr-25 12:34:51 - WARNING] - Yumeko - Flood wait for 39 seconds.
[26-Apr-25 12:34:51 - WARNING] - Yumeko - Flood wait for 39 seconds.
[26-Apr-25 12:34:51 - WARNING] - Yumeko - Flood wait for 39 seconds.
[26-Apr-25 12:34:51 - WARNING] - Yumeko - Flood wait for 39 seconds.
[26-Apr-25 12:34:53 - WARNING] - Yumeko - Flood wait for 37 seconds.
[26-Apr-25 12:34:53 - WARNING] - Yumeko - Flood wait for 37 seconds.
[26-Apr-25 12:34:53 - WARNING] - Yumeko - Flood wait for 37 seconds.
[26-Apr-25 12:34:53 - WARNING] - Yumeko - Flood wait for 37 seconds.
[26-Apr-25 12:34:53 - WARNING] - Yumeko - Flood wait for 37 seconds.
[26-Apr-25 12:34:53 - WARNING] - Yumeko - Flood wait for 37 seconds.
[26-Apr-25 12:34:53 - WARNING] - Yumeko - Flood wait for 37 seconds.
[26-Apr-25 13:30:00 - INFO] - Yumeko - Running job "scheduled_backup (trigger: cron[hour='19', minute='0'], next run at: 2025-04-27 19:00:00 IST)" (scheduled at 2025-04-26 19:00:00+05:30)
[26-Apr-25 13:30:00 - INFO] - Yumeko - Backup completed and file ID saved.
[26-Apr-25 13:30:00 - INFO] - Yumeko - Job "scheduled_backup (trigger: cron[hour='19', minute='0'], next run at: 2025-04-27 19:00:00 IST)" executed successfully
[26-Apr-25 14:30:00 - INFO] - Yumeko - Running job "scheduled_backup (trigger: cron[hour='20', minute='0'], next run at: 2025-04-27 20:00:00 IST)" (scheduled at 2025-04-26 20:00:00+05:30)
[26-Apr-25 14:30:00 - INFO] - Yumeko - Backup completed and file ID saved.
[26-Apr-25 14:30:00 - INFO] - Yumeko - Job "scheduled_backup (trigger: cron[hour='20', minute='0'], next run at: 2025-04-27 20:00:00 IST)" executed successfully
[26-Apr-25 15:30:00 - INFO] - Yumeko - Running job "scheduled_backup (trigger: cron[hour='21', minute='0'], next run at: 2025-04-27 21:00:00 IST)" (scheduled at 2025-04-26 21:00:00+05:30)
[26-Apr-25 15:30:00 - INFO] - Yumeko - Backup completed and file ID saved.
[26-Apr-25 15:30:00 - INFO] - Yumeko - Job "scheduled_backup (trigger: cron[hour='21', minute='0'], next run at: 2025-04-27 21:00:00 IST)" executed successfully
[26-Apr-25 16:30:00 - INFO] - Yumeko - Running job "scheduled_backup (trigger: cron[hour='22', minute='0'], next run at: 2025-04-27 22:00:00 IST)" (scheduled at 2025-04-26 22:00:00+05:30)
[26-Apr-25 16:30:00 - INFO] - Yumeko - Backup completed and file ID saved.
[26-Apr-25 16:30:00 - INFO] - Yumeko - Job "scheduled_backup (trigger: cron[hour='22', minute='0'], next run at: 2025-04-27 22:00:00 IST)" executed successfully
